#! /opt/homebrew/Cellar/icarus-verilog/12.0/bin/vvp
:ivl_version "12.0 (stable)";
:ivl_delay_selection "TYPICAL";
:vpi_time_precision - 12;
:vpi_module "/opt/homebrew/Cellar/icarus-verilog/12.0/lib/ivl/system.vpi";
:vpi_module "/opt/homebrew/Cellar/icarus-verilog/12.0/lib/ivl/vhdl_sys.vpi";
:vpi_module "/opt/homebrew/Cellar/icarus-verilog/12.0/lib/ivl/vhdl_textio.vpi";
:vpi_module "/opt/homebrew/Cellar/icarus-verilog/12.0/lib/ivl/v2005_math.vpi";
:vpi_module "/opt/homebrew/Cellar/icarus-verilog/12.0/lib/ivl/va_math.vpi";
S_0x14ce06070 .scope module, "mux2_tb" "mux2_tb" 2 3;
 .timescale -9 -12;
v0x600003144240_0 .var "a0", 0 0;
v0x6000031442d0_0 .var "a1", 0 0;
v0x600003144360_0 .var "s", 0 0;
v0x6000031443f0_0 .net "y", 0 0, v0x6000031441b0_0;  1 drivers
S_0x14ce04b60 .scope module, "mux2_tb" "mux2" 2 7, 3 3 0, S_0x14ce06070;
 .timescale -9 -12;
    .port_info 0 /INPUT 1 "a0";
    .port_info 1 /INPUT 1 "a1";
    .port_info 2 /INPUT 1 "s";
    .port_info 3 /OUTPUT 1 "y";
v0x600003144000_0 .net "a0", 0 0, v0x600003144240_0;  1 drivers
v0x600003144090_0 .net "a1", 0 0, v0x6000031442d0_0;  1 drivers
v0x600003144120_0 .net "s", 0 0, v0x600003144360_0;  1 drivers
v0x6000031441b0_0 .var "y", 0 0;
E_0x600001645940 .event anyedge, v0x600003144120_0, v0x600003144090_0, v0x600003144000_0;
    .scope S_0x14ce04b60;
T_0 ;
    %wait E_0x600001645940;
    %load/vec4 v0x600003144120_0;
    %dup/vec4;
    %pushi/vec4 0, 0, 1;
    %cmp/u;
    %jmp/1 T_0.0, 6;
    %dup/vec4;
    %pushi/vec4 1, 0, 1;
    %cmp/u;
    %jmp/1 T_0.1, 6;
    %jmp T_0.2;
T_0.0 ;
    %load/vec4 v0x600003144000_0;
    %store/vec4 v0x6000031441b0_0, 0, 1;
    %jmp T_0.2;
T_0.1 ;
    %load/vec4 v0x600003144090_0;
    %store/vec4 v0x6000031441b0_0, 0, 1;
    %jmp T_0.2;
T_0.2 ;
    %pop/vec4 1;
    %jmp T_0;
    .thread T_0, $push;
    .scope S_0x14ce06070;
T_1 ;
    %pushi/vec4 0, 0, 1;
    %store/vec4 v0x600003144240_0, 0, 1;
    %pushi/vec4 0, 0, 1;
    %store/vec4 v0x6000031442d0_0, 0, 1;
    %pushi/vec4 0, 0, 1;
    %store/vec4 v0x600003144360_0, 0, 1;
    %delay 1000, 0;
    %pushi/vec4 0, 0, 1;
    %store/vec4 v0x600003144240_0, 0, 1;
    %pushi/vec4 0, 0, 1;
    %store/vec4 v0x6000031442d0_0, 0, 1;
    %pushi/vec4 1, 0, 1;
    %store/vec4 v0x600003144360_0, 0, 1;
    %delay 1000, 0;
    %pushi/vec4 0, 0, 1;
    %store/vec4 v0x600003144240_0, 0, 1;
    %pushi/vec4 1, 0, 1;
    %store/vec4 v0x6000031442d0_0, 0, 1;
    %pushi/vec4 0, 0, 1;
    %store/vec4 v0x600003144360_0, 0, 1;
    %delay 1000, 0;
    %pushi/vec4 0, 0, 1;
    %store/vec4 v0x600003144240_0, 0, 1;
    %pushi/vec4 1, 0, 1;
    %store/vec4 v0x6000031442d0_0, 0, 1;
    %pushi/vec4 1, 0, 1;
    %store/vec4 v0x600003144360_0, 0, 1;
    %delay 1000, 0;
    %pushi/vec4 1, 0, 1;
    %store/vec4 v0x600003144240_0, 0, 1;
    %pushi/vec4 0, 0, 1;
    %store/vec4 v0x6000031442d0_0, 0, 1;
    %pushi/vec4 0, 0, 1;
    %store/vec4 v0x600003144360_0, 0, 1;
    %delay 1000, 0;
    %pushi/vec4 1, 0, 1;
    %store/vec4 v0x600003144240_0, 0, 1;
    %pushi/vec4 0, 0, 1;
    %store/vec4 v0x6000031442d0_0, 0, 1;
    %pushi/vec4 1, 0, 1;
    %store/vec4 v0x600003144360_0, 0, 1;
    %delay 1000, 0;
    %pushi/vec4 1, 0, 1;
    %store/vec4 v0x600003144240_0, 0, 1;
    %pushi/vec4 1, 0, 1;
    %store/vec4 v0x6000031442d0_0, 0, 1;
    %pushi/vec4 0, 0, 1;
    %store/vec4 v0x600003144360_0, 0, 1;
    %delay 1000, 0;
    %pushi/vec4 1, 0, 1;
    %store/vec4 v0x600003144240_0, 0, 1;
    %pushi/vec4 1, 0, 1;
    %store/vec4 v0x6000031442d0_0, 0, 1;
    %pushi/vec4 1, 0, 1;
    %store/vec4 v0x600003144360_0, 0, 1;
    %delay 1000, 0;
    %vpi_call 2 19 "$finish" {0 0 0};
    %end;
    .thread T_1;
    .scope S_0x14ce06070;
T_2 ;
    %vpi_call 2 23 "$monitor", "a0=%b, a1=%b, s=%b, y=%b", v0x600003144240_0, v0x6000031442d0_0, v0x600003144360_0, v0x6000031443f0_0 {0 0 0};
    %end;
    .thread T_2;
# The file index is used to find the file name in the following table.
:file_names 4;
    "N/A";
    "<interactive>";
    "mux2_tb.v";
    "mux2.v";
