#! /opt/homebrew/Cellar/icarus-verilog/12.0/bin/vvp
:ivl_version "12.0 (stable)";
:ivl_delay_selection "TYPICAL";
:vpi_time_precision - 12;
:vpi_module "/opt/homebrew/Cellar/icarus-verilog/12.0/lib/ivl/system.vpi";
:vpi_module "/opt/homebrew/Cellar/icarus-verilog/12.0/lib/ivl/vhdl_sys.vpi";
:vpi_module "/opt/homebrew/Cellar/icarus-verilog/12.0/lib/ivl/vhdl_textio.vpi";
:vpi_module "/opt/homebrew/Cellar/icarus-verilog/12.0/lib/ivl/v2005_math.vpi";
:vpi_module "/opt/homebrew/Cellar/icarus-verilog/12.0/lib/ivl/va_math.vpi";
S_0x1546049e0 .scope module, "cmosnand_tb" "cmosnand_tb" 2 3;
 .timescale -9 -12;
v0x600003a6c900_0 .var "A", 0 0;
v0x600003a6c990_0 .var "B", 0 0;
RS_0x1580400d0 .resolv tri, L_0x60000236c8c0, L_0x60000236c930, L_0x60000236c9a0;
v0x600003a6ca20_0 .net8 "Y", 0 0, RS_0x1580400d0;  3 drivers, strength-aware
S_0x154604b50 .scope module, "cmosnand_tb" "cmosnand" 2 7, 3 2 0, S_0x1546049e0;
 .timescale -9 -12;
    .port_info 0 /OUTPUT 1 "Y";
    .port_info 1 /INPUT 1 "A";
    .port_info 2 /INPUT 1 "B";
L_0x60000236c850 .functor BUFT 1, C8<771>, C4<0>, C4<0>, C4<0>;
L_0x60000236c8c0 .functor PMOS 1, L_0x60000236c850, v0x600003a6c900_0, C4<0>, C4<0>;
L_0x60000236c930 .functor PMOS 1, L_0x60000236c850, v0x600003a6c990_0, C4<0>, C4<0>;
L_0x60000236c9a0 .functor NMOS 1, L_0x60000236ca10, v0x600003a6c900_0, C4<0>, C4<0>;
L_0x60000236c7e0 .functor BUFT 1, C8<770>, C4<0>, C4<0>, C4<0>;
L_0x60000236ca10 .functor NMOS 1, L_0x60000236c7e0, v0x600003a6c990_0, C4<0>, C4<0>;
v0x600003a6c5a0_0 .net "A", 0 0, v0x600003a6c900_0;  1 drivers
v0x600003a6c630_0 .net "B", 0 0, v0x600003a6c990_0;  1 drivers
v0x600003a6c6c0_0 .net8 "GND", 0 0, L_0x60000236c7e0;  1 drivers, strength-aware
v0x600003a6c750_0 .net8 "VDD", 0 0, L_0x60000236c850;  1 drivers, strength-aware
v0x600003a6c7e0_0 .net8 "Y", 0 0, RS_0x1580400d0;  alias, 3 drivers, strength-aware
v0x600003a6c870_0 .net8 "w", 0 0, L_0x60000236ca10;  1 drivers, strength-aware
    .scope S_0x1546049e0;
T_0 ;
    %pushi/vec4 0, 0, 1;
    %store/vec4 v0x600003a6c900_0, 0, 1;
    %pushi/vec4 0, 0, 1;
    %store/vec4 v0x600003a6c990_0, 0, 1;
    %delay 10000, 0;
    %pushi/vec4 0, 0, 1;
    %store/vec4 v0x600003a6c900_0, 0, 1;
    %pushi/vec4 1, 0, 1;
    %store/vec4 v0x600003a6c990_0, 0, 1;
    %delay 10000, 0;
    %pushi/vec4 1, 0, 1;
    %store/vec4 v0x600003a6c900_0, 0, 1;
    %pushi/vec4 0, 0, 1;
    %store/vec4 v0x600003a6c990_0, 0, 1;
    %delay 10000, 0;
    %pushi/vec4 1, 0, 1;
    %store/vec4 v0x600003a6c900_0, 0, 1;
    %pushi/vec4 1, 0, 1;
    %store/vec4 v0x600003a6c990_0, 0, 1;
    %delay 10000, 0;
    %vpi_call 2 15 "$finish" {0 0 0};
    %end;
    .thread T_0;
    .scope S_0x1546049e0;
T_1 ;
    %vpi_call 2 19 "$monitor", "A=%b, B=%b, Y=%b", v0x600003a6c900_0, v0x600003a6c990_0, v0x600003a6ca20_0 {0 0 0};
    %end;
    .thread T_1;
# The file index is used to find the file name in the following table.
:file_names 4;
    "N/A";
    "<interactive>";
    "cmosnand_tb.v";
    "cmosnand.v";
