#! /opt/homebrew/Cellar/icarus-verilog/12.0/bin/vvp
:ivl_version "12.0 (stable)";
:ivl_delay_selection "TYPICAL";
:vpi_time_precision - 12;
:vpi_module "/opt/homebrew/Cellar/icarus-verilog/12.0/lib/ivl/system.vpi";
:vpi_module "/opt/homebrew/Cellar/icarus-verilog/12.0/lib/ivl/vhdl_sys.vpi";
:vpi_module "/opt/homebrew/Cellar/icarus-verilog/12.0/lib/ivl/vhdl_textio.vpi";
:vpi_module "/opt/homebrew/Cellar/icarus-verilog/12.0/lib/ivl/v2005_math.vpi";
:vpi_module "/opt/homebrew/Cellar/icarus-verilog/12.0/lib/ivl/va_math.vpi";
S_0x12c004080 .scope module, "cmosnot_tb" "cmosnot_tb" 2 3;
 .timescale -9 -12;
v0x600002200240_0 .var "a", 0 0;
RS_0x1200080a0 .resolv tri, L_0x600003b00150, L_0x600003b001c0;
v0x6000022002d0_0 .net8 "y", 0 0, RS_0x1200080a0;  2 drivers, strength-aware
S_0x12c0041f0 .scope module, "cmos_not" "cmosnot" 2 6, 3 2 0, S_0x12c004080;
 .timescale -9 -12;
    .port_info 0 /OUTPUT 1 "y";
    .port_info 1 /INPUT 1 "a";
L_0x600003b000e0 .functor BUFT 1, C8<771>, C4<0>, C4<0>, C4<0>;
L_0x600003b00150 .functor PMOS 1, L_0x600003b000e0, v0x600002200240_0, C4<0>, C4<0>;
L_0x600003b00070 .functor BUFT 1, C8<770>, C4<0>, C4<0>, C4<0>;
L_0x600003b001c0 .functor NMOS 1, L_0x600003b00070, v0x600002200240_0, C4<0>, C4<0>;
v0x600002200000_0 .net "a", 0 0, v0x600002200240_0;  1 drivers
v0x600002200090_0 .net8 "gnd", 0 0, L_0x600003b00070;  1 drivers, strength-aware
v0x600002200120_0 .net8 "vdd", 0 0, L_0x600003b000e0;  1 drivers, strength-aware
v0x6000022001b0_0 .net8 "y", 0 0, RS_0x1200080a0;  alias, 2 drivers, strength-aware
    .scope S_0x12c004080;
T_0 ;
    %pushi/vec4 0, 0, 1;
    %store/vec4 v0x600002200240_0, 0, 1;
    %delay 1000, 0;
    %pushi/vec4 1, 0, 1;
    %store/vec4 v0x600002200240_0, 0, 1;
    %delay 1000, 0;
    %pushi/vec4 0, 0, 1;
    %store/vec4 v0x600002200240_0, 0, 1;
    %delay 1000, 0;
    %vpi_call 2 11 "$finish" {0 0 0};
    %end;
    .thread T_0;
    .scope S_0x12c004080;
T_1 ;
    %vpi_call 2 14 "$monitor", "%2d:\011a = %b\011y = %b", $time, v0x600002200240_0, v0x6000022002d0_0 {0 0 0};
    %end;
    .thread T_1;
# The file index is used to find the file name in the following table.
:file_names 4;
    "N/A";
    "<interactive>";
    "cmosnot_tb.v";
    "cmosnot.v";
