#! /opt/homebrew/Cellar/icarus-verilog/12.0/bin/vvp
:ivl_version "12.0 (stable)";
:ivl_delay_selection "TYPICAL";
:vpi_time_precision - 12;
:vpi_module "/opt/homebrew/Cellar/icarus-verilog/12.0/lib/ivl/system.vpi";
:vpi_module "/opt/homebrew/Cellar/icarus-verilog/12.0/lib/ivl/vhdl_sys.vpi";
:vpi_module "/opt/homebrew/Cellar/icarus-verilog/12.0/lib/ivl/vhdl_textio.vpi";
:vpi_module "/opt/homebrew/Cellar/icarus-verilog/12.0/lib/ivl/v2005_math.vpi";
:vpi_module "/opt/homebrew/Cellar/icarus-verilog/12.0/lib/ivl/va_math.vpi";
S_0x123604ca0 .scope module, "full_substractor_tb" "full_substractor_tb" 2 23;
 .timescale -9 -12;
v0x6000028f42d0_0 .var "a", 0 0;
v0x6000028f4360_0 .var "b", 0 0;
v0x6000028f43f0_0 .var "b_in", 0 0;
v0x6000028f4480_0 .net "b_out", 0 0, v0x6000028f41b0_0;  1 drivers
v0x6000028f4510_0 .net "d", 0 0, v0x6000028f4240_0;  1 drivers
S_0x123604660 .scope module, "full_substractor_tb" "full_substractor" 2 27, 3 3 0, S_0x123604ca0;
 .timescale -9 -12;
    .port_info 0 /INPUT 1 "a";
    .port_info 1 /INPUT 1 "b";
    .port_info 2 /INPUT 1 "b_in";
    .port_info 3 /OUTPUT 1 "d";
    .port_info 4 /OUTPUT 1 "b_out";
v0x6000028f4000_0 .net "a", 0 0, v0x6000028f42d0_0;  1 drivers
v0x6000028f4090_0 .net "b", 0 0, v0x6000028f4360_0;  1 drivers
v0x6000028f4120_0 .net "b_in", 0 0, v0x6000028f43f0_0;  1 drivers
v0x6000028f41b0_0 .var "b_out", 0 0;
v0x6000028f4240_0 .var "d", 0 0;
E_0x600000ff5d80 .event anyedge, v0x6000028f4120_0, v0x6000028f4000_0, v0x6000028f4090_0;
    .scope S_0x123604660;
T_0 ;
    %wait E_0x600000ff5d80;
    %load/vec4 v0x6000028f4120_0;
    %load/vec4 v0x6000028f4000_0;
    %load/vec4 v0x6000028f4090_0;
    %xor;
    %xor;
    %store/vec4 v0x6000028f4240_0, 0, 1;
    %load/vec4 v0x6000028f4000_0;
    %inv;
    %load/vec4 v0x6000028f4090_0;
    %and;
    %load/vec4 v0x6000028f4120_0;
    %inv;
    %load/vec4 v0x6000028f4000_0;
    %load/vec4 v0x6000028f4090_0;
    %xor;
    %and;
    %or;
    %store/vec4 v0x6000028f41b0_0, 0, 1;
    %jmp T_0;
    .thread T_0, $push;
    .scope S_0x123604ca0;
T_1 ;
    %pushi/vec4 0, 0, 1;
    %store/vec4 v0x6000028f42d0_0, 0, 1;
    %pushi/vec4 0, 0, 1;
    %store/vec4 v0x6000028f4360_0, 0, 1;
    %pushi/vec4 0, 0, 1;
    %store/vec4 v0x6000028f43f0_0, 0, 1;
    %delay 1000, 0;
    %pushi/vec4 0, 0, 1;
    %store/vec4 v0x6000028f42d0_0, 0, 1;
    %pushi/vec4 0, 0, 1;
    %store/vec4 v0x6000028f4360_0, 0, 1;
    %pushi/vec4 1, 0, 1;
    %store/vec4 v0x6000028f43f0_0, 0, 1;
    %delay 1000, 0;
    %pushi/vec4 0, 0, 1;
    %store/vec4 v0x6000028f42d0_0, 0, 1;
    %pushi/vec4 1, 0, 1;
    %store/vec4 v0x6000028f4360_0, 0, 1;
    %pushi/vec4 0, 0, 1;
    %store/vec4 v0x6000028f43f0_0, 0, 1;
    %delay 1000, 0;
    %pushi/vec4 0, 0, 1;
    %store/vec4 v0x6000028f42d0_0, 0, 1;
    %pushi/vec4 1, 0, 1;
    %store/vec4 v0x6000028f4360_0, 0, 1;
    %pushi/vec4 1, 0, 1;
    %store/vec4 v0x6000028f43f0_0, 0, 1;
    %delay 1000, 0;
    %pushi/vec4 1, 0, 1;
    %store/vec4 v0x6000028f42d0_0, 0, 1;
    %pushi/vec4 0, 0, 1;
    %store/vec4 v0x6000028f4360_0, 0, 1;
    %pushi/vec4 0, 0, 1;
    %store/vec4 v0x6000028f43f0_0, 0, 1;
    %delay 1000, 0;
    %pushi/vec4 1, 0, 1;
    %store/vec4 v0x6000028f42d0_0, 0, 1;
    %pushi/vec4 0, 0, 1;
    %store/vec4 v0x6000028f4360_0, 0, 1;
    %pushi/vec4 1, 0, 1;
    %store/vec4 v0x6000028f43f0_0, 0, 1;
    %delay 1000, 0;
    %pushi/vec4 1, 0, 1;
    %store/vec4 v0x6000028f42d0_0, 0, 1;
    %pushi/vec4 1, 0, 1;
    %store/vec4 v0x6000028f4360_0, 0, 1;
    %pushi/vec4 0, 0, 1;
    %store/vec4 v0x6000028f43f0_0, 0, 1;
    %delay 1000, 0;
    %pushi/vec4 1, 0, 1;
    %store/vec4 v0x6000028f42d0_0, 0, 1;
    %pushi/vec4 1, 0, 1;
    %store/vec4 v0x6000028f4360_0, 0, 1;
    %pushi/vec4 1, 0, 1;
    %store/vec4 v0x6000028f43f0_0, 0, 1;
    %delay 1000, 0;
    %vpi_call 2 73 "$finish" {0 0 0};
    %end;
    .thread T_1;
    .scope S_0x123604ca0;
T_2 ;
    %vpi_call 2 78 "$monitor", "A=%b, B=%b, B_in=%b, D=%b, B_out=%b", v0x6000028f42d0_0, v0x6000028f4360_0, v0x6000028f43f0_0, v0x6000028f4510_0, v0x6000028f4480_0 {0 0 0};
    %end;
    .thread T_2;
# The file index is used to find the file name in the following table.
:file_names 4;
    "N/A";
    "<interactive>";
    "full_substractor_tb.v";
    "full_substractor.v";
