#! /opt/homebrew/Cellar/icarus-verilog/12.0/bin/vvp
:ivl_version "12.0 (stable)";
:ivl_delay_selection "TYPICAL";
:vpi_time_precision - 12;
:vpi_module "/opt/homebrew/Cellar/icarus-verilog/12.0/lib/ivl/system.vpi";
:vpi_module "/opt/homebrew/Cellar/icarus-verilog/12.0/lib/ivl/vhdl_sys.vpi";
:vpi_module "/opt/homebrew/Cellar/icarus-verilog/12.0/lib/ivl/vhdl_textio.vpi";
:vpi_module "/opt/homebrew/Cellar/icarus-verilog/12.0/lib/ivl/v2005_math.vpi";
:vpi_module "/opt/homebrew/Cellar/icarus-verilog/12.0/lib/ivl/va_math.vpi";
S_0x1267090e0 .scope module, "mux8_tb" "mux8_tb" 2 3;
 .timescale -9 -12;
v0x600002e759e0_0 .var "a0", 0 0;
v0x600002e75a70_0 .var "a1", 0 0;
v0x600002e75b00_0 .var "a2", 0 0;
v0x600002e75b90_0 .var "a3", 0 0;
v0x600002e75c20_0 .var "a4", 0 0;
v0x600002e75cb0_0 .var "a5", 0 0;
v0x600002e75d40_0 .var "a6", 0 0;
v0x600002e75dd0_0 .var "a7", 0 0;
v0x600002e75e60_0 .var "s0", 0 0;
v0x600002e75ef0_0 .var "s1", 0 0;
v0x600002e75f80_0 .var "s2", 0 0;
v0x600002e76010_0 .net "y", 0 0, v0x600002e74f30_0;  1 drivers
S_0x126709250 .scope module, "m0" "mux8" 2 8, 3 5 0, S_0x1267090e0;
 .timescale -9 -12;
    .port_info 0 /INPUT 1 "a0";
    .port_info 1 /INPUT 1 "a1";
    .port_info 2 /INPUT 1 "a2";
    .port_info 3 /INPUT 1 "a3";
    .port_info 4 /INPUT 1 "a4";
    .port_info 5 /INPUT 1 "a5";
    .port_info 6 /INPUT 1 "a6";
    .port_info 7 /INPUT 1 "a7";
    .port_info 8 /INPUT 1 "s0";
    .port_info 9 /INPUT 1 "s1";
    .port_info 10 /INPUT 1 "s2";
    .port_info 11 /OUTPUT 1 "y";
v0x600002e74fc0_0 .net "a0", 0 0, v0x600002e759e0_0;  1 drivers
v0x600002e75050_0 .net "a1", 0 0, v0x600002e75a70_0;  1 drivers
v0x600002e750e0_0 .net "a2", 0 0, v0x600002e75b00_0;  1 drivers
v0x600002e75170_0 .net "a3", 0 0, v0x600002e75b90_0;  1 drivers
v0x600002e75200_0 .net "a4", 0 0, v0x600002e75c20_0;  1 drivers
v0x600002e75290_0 .net "a5", 0 0, v0x600002e75cb0_0;  1 drivers
v0x600002e75320_0 .net "a6", 0 0, v0x600002e75d40_0;  1 drivers
v0x600002e753b0_0 .net "a7", 0 0, v0x600002e75dd0_0;  1 drivers
v0x600002e75440_0 .net "s0", 0 0, v0x600002e75e60_0;  1 drivers
v0x600002e754d0_0 .net "s1", 0 0, v0x600002e75ef0_0;  1 drivers
v0x600002e75560_0 .net "s2", 0 0, v0x600002e75f80_0;  1 drivers
v0x600002e755f0_0 .net "w1", 0 0, v0x600002e741b0_0;  1 drivers
v0x600002e75680_0 .net "w2", 0 0, v0x600002e743f0_0;  1 drivers
v0x600002e75710_0 .net "w3", 0 0, v0x600002e74630_0;  1 drivers
v0x600002e757a0_0 .net "w4", 0 0, v0x600002e74870_0;  1 drivers
v0x600002e75830_0 .net "w5", 0 0, v0x600002e74ab0_0;  1 drivers
v0x600002e758c0_0 .net "w6", 0 0, v0x600002e74cf0_0;  1 drivers
v0x600002e75950_0 .net "y", 0 0, v0x600002e74f30_0;  alias, 1 drivers
S_0x1267094e0 .scope module, "m0" "mux2" 3 10, 4 3 0, S_0x126709250;
 .timescale -9 -12;
    .port_info 0 /INPUT 1 "a0";
    .port_info 1 /INPUT 1 "a1";
    .port_info 2 /INPUT 1 "s";
    .port_info 3 /OUTPUT 1 "y";
v0x600002e74000_0 .net "a0", 0 0, v0x600002e759e0_0;  alias, 1 drivers
v0x600002e74090_0 .net "a1", 0 0, v0x600002e75a70_0;  alias, 1 drivers
v0x600002e74120_0 .net "s", 0 0, v0x600002e75e60_0;  alias, 1 drivers
v0x600002e741b0_0 .var "y", 0 0;
E_0x60000097c300 .event anyedge, v0x600002e74120_0, v0x600002e74090_0, v0x600002e74000_0;
S_0x126709650 .scope module, "m1" "mux2" 3 11, 4 3 0, S_0x126709250;
 .timescale -9 -12;
    .port_info 0 /INPUT 1 "a0";
    .port_info 1 /INPUT 1 "a1";
    .port_info 2 /INPUT 1 "s";
    .port_info 3 /OUTPUT 1 "y";
v0x600002e74240_0 .net "a0", 0 0, v0x600002e75b00_0;  alias, 1 drivers
v0x600002e742d0_0 .net "a1", 0 0, v0x600002e75b90_0;  alias, 1 drivers
v0x600002e74360_0 .net "s", 0 0, v0x600002e75e60_0;  alias, 1 drivers
v0x600002e743f0_0 .var "y", 0 0;
E_0x60000097c340 .event anyedge, v0x600002e74120_0, v0x600002e742d0_0, v0x600002e74240_0;
S_0x1267097c0 .scope module, "m2" "mux2" 3 12, 4 3 0, S_0x126709250;
 .timescale -9 -12;
    .port_info 0 /INPUT 1 "a0";
    .port_info 1 /INPUT 1 "a1";
    .port_info 2 /INPUT 1 "s";
    .port_info 3 /OUTPUT 1 "y";
v0x600002e74480_0 .net "a0", 0 0, v0x600002e75c20_0;  alias, 1 drivers
v0x600002e74510_0 .net "a1", 0 0, v0x600002e75cb0_0;  alias, 1 drivers
v0x600002e745a0_0 .net "s", 0 0, v0x600002e75e60_0;  alias, 1 drivers
v0x600002e74630_0 .var "y", 0 0;
E_0x60000097c380 .event anyedge, v0x600002e74120_0, v0x600002e74510_0, v0x600002e74480_0;
S_0x126709930 .scope module, "m3" "mux2" 3 13, 4 3 0, S_0x126709250;
 .timescale -9 -12;
    .port_info 0 /INPUT 1 "a0";
    .port_info 1 /INPUT 1 "a1";
    .port_info 2 /INPUT 1 "s";
    .port_info 3 /OUTPUT 1 "y";
v0x600002e746c0_0 .net "a0", 0 0, v0x600002e75d40_0;  alias, 1 drivers
v0x600002e74750_0 .net "a1", 0 0, v0x600002e75dd0_0;  alias, 1 drivers
v0x600002e747e0_0 .net "s", 0 0, v0x600002e75e60_0;  alias, 1 drivers
v0x600002e74870_0 .var "y", 0 0;
E_0x60000097c400 .event anyedge, v0x600002e74120_0, v0x600002e74750_0, v0x600002e746c0_0;
S_0x126709aa0 .scope module, "m4" "mux2" 3 15, 4 3 0, S_0x126709250;
 .timescale -9 -12;
    .port_info 0 /INPUT 1 "a0";
    .port_info 1 /INPUT 1 "a1";
    .port_info 2 /INPUT 1 "s";
    .port_info 3 /OUTPUT 1 "y";
v0x600002e74900_0 .net "a0", 0 0, v0x600002e741b0_0;  alias, 1 drivers
v0x600002e74990_0 .net "a1", 0 0, v0x600002e743f0_0;  alias, 1 drivers
v0x600002e74a20_0 .net "s", 0 0, v0x600002e75ef0_0;  alias, 1 drivers
v0x600002e74ab0_0 .var "y", 0 0;
E_0x60000097c480 .event anyedge, v0x600002e74a20_0, v0x600002e743f0_0, v0x600002e741b0_0;
S_0x126709c10 .scope module, "m5" "mux2" 3 16, 4 3 0, S_0x126709250;
 .timescale -9 -12;
    .port_info 0 /INPUT 1 "a0";
    .port_info 1 /INPUT 1 "a1";
    .port_info 2 /INPUT 1 "s";
    .port_info 3 /OUTPUT 1 "y";
v0x600002e74b40_0 .net "a0", 0 0, v0x600002e74630_0;  alias, 1 drivers
v0x600002e74bd0_0 .net "a1", 0 0, v0x600002e74870_0;  alias, 1 drivers
v0x600002e74c60_0 .net "s", 0 0, v0x600002e75ef0_0;  alias, 1 drivers
v0x600002e74cf0_0 .var "y", 0 0;
E_0x60000097c4c0 .event anyedge, v0x600002e74a20_0, v0x600002e74870_0, v0x600002e74630_0;
S_0x126709d80 .scope module, "m6" "mux2" 3 18, 4 3 0, S_0x126709250;
 .timescale -9 -12;
    .port_info 0 /INPUT 1 "a0";
    .port_info 1 /INPUT 1 "a1";
    .port_info 2 /INPUT 1 "s";
    .port_info 3 /OUTPUT 1 "y";
v0x600002e74d80_0 .net "a0", 0 0, v0x600002e74ab0_0;  alias, 1 drivers
v0x600002e74e10_0 .net "a1", 0 0, v0x600002e74cf0_0;  alias, 1 drivers
v0x600002e74ea0_0 .net "s", 0 0, v0x600002e75f80_0;  alias, 1 drivers
v0x600002e74f30_0 .var "y", 0 0;
E_0x60000097c500 .event anyedge, v0x600002e74ea0_0, v0x600002e74cf0_0, v0x600002e74ab0_0;
    .scope S_0x1267094e0;
T_0 ;
    %wait E_0x60000097c300;
    %load/vec4 v0x600002e74120_0;
    %dup/vec4;
    %pushi/vec4 0, 0, 1;
    %cmp/u;
    %jmp/1 T_0.0, 6;
    %dup/vec4;
    %pushi/vec4 1, 0, 1;
    %cmp/u;
    %jmp/1 T_0.1, 6;
    %jmp T_0.2;
T_0.0 ;
    %load/vec4 v0x600002e74000_0;
    %store/vec4 v0x600002e741b0_0, 0, 1;
    %jmp T_0.2;
T_0.1 ;
    %load/vec4 v0x600002e74090_0;
    %store/vec4 v0x600002e741b0_0, 0, 1;
    %jmp T_0.2;
T_0.2 ;
    %pop/vec4 1;
    %jmp T_0;
    .thread T_0, $push;
    .scope S_0x126709650;
T_1 ;
    %wait E_0x60000097c340;
    %load/vec4 v0x600002e74360_0;
    %dup/vec4;
    %pushi/vec4 0, 0, 1;
    %cmp/u;
    %jmp/1 T_1.0, 6;
    %dup/vec4;
    %pushi/vec4 1, 0, 1;
    %cmp/u;
    %jmp/1 T_1.1, 6;
    %jmp T_1.2;
T_1.0 ;
    %load/vec4 v0x600002e74240_0;
    %store/vec4 v0x600002e743f0_0, 0, 1;
    %jmp T_1.2;
T_1.1 ;
    %load/vec4 v0x600002e742d0_0;
    %store/vec4 v0x600002e743f0_0, 0, 1;
    %jmp T_1.2;
T_1.2 ;
    %pop/vec4 1;
    %jmp T_1;
    .thread T_1, $push;
    .scope S_0x1267097c0;
T_2 ;
    %wait E_0x60000097c380;
    %load/vec4 v0x600002e745a0_0;
    %dup/vec4;
    %pushi/vec4 0, 0, 1;
    %cmp/u;
    %jmp/1 T_2.0, 6;
    %dup/vec4;
    %pushi/vec4 1, 0, 1;
    %cmp/u;
    %jmp/1 T_2.1, 6;
    %jmp T_2.2;
T_2.0 ;
    %load/vec4 v0x600002e74480_0;
    %store/vec4 v0x600002e74630_0, 0, 1;
    %jmp T_2.2;
T_2.1 ;
    %load/vec4 v0x600002e74510_0;
    %store/vec4 v0x600002e74630_0, 0, 1;
    %jmp T_2.2;
T_2.2 ;
    %pop/vec4 1;
    %jmp T_2;
    .thread T_2, $push;
    .scope S_0x126709930;
T_3 ;
    %wait E_0x60000097c400;
    %load/vec4 v0x600002e747e0_0;
    %dup/vec4;
    %pushi/vec4 0, 0, 1;
    %cmp/u;
    %jmp/1 T_3.0, 6;
    %dup/vec4;
    %pushi/vec4 1, 0, 1;
    %cmp/u;
    %jmp/1 T_3.1, 6;
    %jmp T_3.2;
T_3.0 ;
    %load/vec4 v0x600002e746c0_0;
    %store/vec4 v0x600002e74870_0, 0, 1;
    %jmp T_3.2;
T_3.1 ;
    %load/vec4 v0x600002e74750_0;
    %store/vec4 v0x600002e74870_0, 0, 1;
    %jmp T_3.2;
T_3.2 ;
    %pop/vec4 1;
    %jmp T_3;
    .thread T_3, $push;
    .scope S_0x126709aa0;
T_4 ;
    %wait E_0x60000097c480;
    %load/vec4 v0x600002e74a20_0;
    %dup/vec4;
    %pushi/vec4 0, 0, 1;
    %cmp/u;
    %jmp/1 T_4.0, 6;
    %dup/vec4;
    %pushi/vec4 1, 0, 1;
    %cmp/u;
    %jmp/1 T_4.1, 6;
    %jmp T_4.2;
T_4.0 ;
    %load/vec4 v0x600002e74900_0;
    %store/vec4 v0x600002e74ab0_0, 0, 1;
    %jmp T_4.2;
T_4.1 ;
    %load/vec4 v0x600002e74990_0;
    %store/vec4 v0x600002e74ab0_0, 0, 1;
    %jmp T_4.2;
T_4.2 ;
    %pop/vec4 1;
    %jmp T_4;
    .thread T_4, $push;
    .scope S_0x126709c10;
T_5 ;
    %wait E_0x60000097c4c0;
    %load/vec4 v0x600002e74c60_0;
    %dup/vec4;
    %pushi/vec4 0, 0, 1;
    %cmp/u;
    %jmp/1 T_5.0, 6;
    %dup/vec4;
    %pushi/vec4 1, 0, 1;
    %cmp/u;
    %jmp/1 T_5.1, 6;
    %jmp T_5.2;
T_5.0 ;
    %load/vec4 v0x600002e74b40_0;
    %store/vec4 v0x600002e74cf0_0, 0, 1;
    %jmp T_5.2;
T_5.1 ;
    %load/vec4 v0x600002e74bd0_0;
    %store/vec4 v0x600002e74cf0_0, 0, 1;
    %jmp T_5.2;
T_5.2 ;
    %pop/vec4 1;
    %jmp T_5;
    .thread T_5, $push;
    .scope S_0x126709d80;
T_6 ;
    %wait E_0x60000097c500;
    %load/vec4 v0x600002e74ea0_0;
    %dup/vec4;
    %pushi/vec4 0, 0, 1;
    %cmp/u;
    %jmp/1 T_6.0, 6;
    %dup/vec4;
    %pushi/vec4 1, 0, 1;
    %cmp/u;
    %jmp/1 T_6.1, 6;
    %jmp T_6.2;
T_6.0 ;
    %load/vec4 v0x600002e74d80_0;
    %store/vec4 v0x600002e74f30_0, 0, 1;
    %jmp T_6.2;
T_6.1 ;
    %load/vec4 v0x600002e74e10_0;
    %store/vec4 v0x600002e74f30_0, 0, 1;
    %jmp T_6.2;
T_6.2 ;
    %pop/vec4 1;
    %jmp T_6;
    .thread T_6, $push;
    .scope S_0x1267090e0;
T_7 ;
    %vpi_call 2 11 "$dumpfile", "mux8_tb.vcd" {0 0 0};
    %vpi_call 2 12 "$dumpvars", 32'sb00000000000000000000000000000000, S_0x1267090e0 {0 0 0};
    %vpi_call 2 13 "$monitor", "a0=%b a1=%b a2=%b a3=%b a4=%b a5=%b a6=%b a7=%b s0=%b s1=%b s2=%b y=%b", v0x600002e759e0_0, v0x600002e75a70_0, v0x600002e75b00_0, v0x600002e75b90_0, v0x600002e75c20_0, v0x600002e75cb0_0, v0x600002e75d40_0, v0x600002e75dd0_0, v0x600002e75e60_0, v0x600002e75ef0_0, v0x600002e75f80_0, v0x600002e76010_0 {0 0 0};
    %pushi/vec4 0, 0, 1;
    %store/vec4 v0x600002e759e0_0, 0, 1;
    %pushi/vec4 0, 0, 1;
    %store/vec4 v0x600002e75a70_0, 0, 1;
    %pushi/vec4 0, 0, 1;
    %store/vec4 v0x600002e75b00_0, 0, 1;
    %pushi/vec4 0, 0, 1;
    %store/vec4 v0x600002e75b90_0, 0, 1;
    %pushi/vec4 0, 0, 1;
    %store/vec4 v0x600002e75c20_0, 0, 1;
    %pushi/vec4 0, 0, 1;
    %store/vec4 v0x600002e75cb0_0, 0, 1;
    %pushi/vec4 0, 0, 1;
    %store/vec4 v0x600002e75d40_0, 0, 1;
    %pushi/vec4 0, 0, 1;
    %store/vec4 v0x600002e75dd0_0, 0, 1;
    %pushi/vec4 0, 0, 1;
    %store/vec4 v0x600002e75e60_0, 0, 1;
    %pushi/vec4 0, 0, 1;
    %store/vec4 v0x600002e75ef0_0, 0, 1;
    %pushi/vec4 0, 0, 1;
    %store/vec4 v0x600002e75f80_0, 0, 1;
    %delay 10000, 0;
    %pushi/vec4 0, 0, 1;
    %store/vec4 v0x600002e759e0_0, 0, 1;
    %pushi/vec4 0, 0, 1;
    %store/vec4 v0x600002e75a70_0, 0, 1;
    %pushi/vec4 0, 0, 1;
    %store/vec4 v0x600002e75b00_0, 0, 1;
    %pushi/vec4 0, 0, 1;
    %store/vec4 v0x600002e75b90_0, 0, 1;
    %pushi/vec4 0, 0, 1;
    %store/vec4 v0x600002e75c20_0, 0, 1;
    %pushi/vec4 0, 0, 1;
    %store/vec4 v0x600002e75cb0_0, 0, 1;
    %pushi/vec4 0, 0, 1;
    %store/vec4 v0x600002e75d40_0, 0, 1;
    %pushi/vec4 0, 0, 1;
    %store/vec4 v0x600002e75dd0_0, 0, 1;
    %pushi/vec4 0, 0, 1;
    %store/vec4 v0x600002e75e60_0, 0, 1;
    %pushi/vec4 0, 0, 1;
    %store/vec4 v0x600002e75ef0_0, 0, 1;
    %pushi/vec4 0, 0, 1;
    %store/vec4 v0x600002e75f80_0, 0, 1;
    %delay 10000, 0;
    %pushi/vec4 0, 0, 1;
    %store/vec4 v0x600002e759e0_0, 0, 1;
    %pushi/vec4 0, 0, 1;
    %store/vec4 v0x600002e75a70_0, 0, 1;
    %pushi/vec4 0, 0, 1;
    %store/vec4 v0x600002e75b00_0, 0, 1;
    %pushi/vec4 0, 0, 1;
    %store/vec4 v0x600002e75b90_0, 0, 1;
    %pushi/vec4 0, 0, 1;
    %store/vec4 v0x600002e75c20_0, 0, 1;
    %pushi/vec4 0, 0, 1;
    %store/vec4 v0x600002e75cb0_0, 0, 1;
    %pushi/vec4 0, 0, 1;
    %store/vec4 v0x600002e75d40_0, 0, 1;
    %pushi/vec4 0, 0, 1;
    %store/vec4 v0x600002e75dd0_0, 0, 1;
    %pushi/vec4 0, 0, 1;
    %store/vec4 v0x600002e75e60_0, 0, 1;
    %pushi/vec4 0, 0, 1;
    %store/vec4 v0x600002e75ef0_0, 0, 1;
    %pushi/vec4 1, 0, 1;
    %store/vec4 v0x600002e75f80_0, 0, 1;
    %delay 10000, 0;
    %pushi/vec4 0, 0, 1;
    %store/vec4 v0x600002e759e0_0, 0, 1;
    %pushi/vec4 0, 0, 1;
    %store/vec4 v0x600002e75a70_0, 0, 1;
    %pushi/vec4 0, 0, 1;
    %store/vec4 v0x600002e75b00_0, 0, 1;
    %pushi/vec4 0, 0, 1;
    %store/vec4 v0x600002e75b90_0, 0, 1;
    %pushi/vec4 0, 0, 1;
    %store/vec4 v0x600002e75c20_0, 0, 1;
    %pushi/vec4 0, 0, 1;
    %store/vec4 v0x600002e75cb0_0, 0, 1;
    %pushi/vec4 0, 0, 1;
    %store/vec4 v0x600002e75d40_0, 0, 1;
    %pushi/vec4 0, 0, 1;
    %store/vec4 v0x600002e75dd0_0, 0, 1;
    %pushi/vec4 0, 0, 1;
    %store/vec4 v0x600002e75e60_0, 0, 1;
    %pushi/vec4 1, 0, 1;
    %store/vec4 v0x600002e75ef0_0, 0, 1;
    %pushi/vec4 0, 0, 1;
    %store/vec4 v0x600002e75f80_0, 0, 1;
    %delay 10000, 0;
    %pushi/vec4 0, 0, 1;
    %store/vec4 v0x600002e759e0_0, 0, 1;
    %pushi/vec4 0, 0, 1;
    %store/vec4 v0x600002e75a70_0, 0, 1;
    %pushi/vec4 0, 0, 1;
    %store/vec4 v0x600002e75b00_0, 0, 1;
    %pushi/vec4 0, 0, 1;
    %store/vec4 v0x600002e75b90_0, 0, 1;
    %pushi/vec4 0, 0, 1;
    %store/vec4 v0x600002e75c20_0, 0, 1;
    %pushi/vec4 0, 0, 1;
    %store/vec4 v0x600002e75cb0_0, 0, 1;
    %pushi/vec4 0, 0, 1;
    %store/vec4 v0x600002e75d40_0, 0, 1;
    %pushi/vec4 0, 0, 1;
    %store/vec4 v0x600002e75dd0_0, 0, 1;
    %pushi/vec4 0, 0, 1;
    %store/vec4 v0x600002e75e60_0, 0, 1;
    %pushi/vec4 1, 0, 1;
    %store/vec4 v0x600002e75ef0_0, 0, 1;
    %pushi/vec4 1, 0, 1;
    %store/vec4 v0x600002e75f80_0, 0, 1;
    %delay 10000, 0;
    %pushi/vec4 0, 0, 1;
    %store/vec4 v0x600002e759e0_0, 0, 1;
    %pushi/vec4 0, 0, 1;
    %store/vec4 v0x600002e75a70_0, 0, 1;
    %pushi/vec4 0, 0, 1;
    %store/vec4 v0x600002e75b00_0, 0, 1;
    %pushi/vec4 0, 0, 1;
    %store/vec4 v0x600002e75b90_0, 0, 1;
    %pushi/vec4 0, 0, 1;
    %store/vec4 v0x600002e75c20_0, 0, 1;
    %pushi/vec4 0, 0, 1;
    %store/vec4 v0x600002e75cb0_0, 0, 1;
    %pushi/vec4 0, 0, 1;
    %store/vec4 v0x600002e75d40_0, 0, 1;
    %pushi/vec4 0, 0, 1;
    %store/vec4 v0x600002e75dd0_0, 0, 1;
    %pushi/vec4 1, 0, 1;
    %store/vec4 v0x600002e75e60_0, 0, 1;
    %pushi/vec4 0, 0, 1;
    %store/vec4 v0x600002e75ef0_0, 0, 1;
    %pushi/vec4 0, 0, 1;
    %store/vec4 v0x600002e75f80_0, 0, 1;
    %delay 10000, 0;
    %pushi/vec4 0, 0, 1;
    %store/vec4 v0x600002e759e0_0, 0, 1;
    %pushi/vec4 0, 0, 1;
    %store/vec4 v0x600002e75a70_0, 0, 1;
    %pushi/vec4 0, 0, 1;
    %store/vec4 v0x600002e75b00_0, 0, 1;
    %pushi/vec4 0, 0, 1;
    %store/vec4 v0x600002e75b90_0, 0, 1;
    %pushi/vec4 0, 0, 1;
    %store/vec4 v0x600002e75c20_0, 0, 1;
    %pushi/vec4 0, 0, 1;
    %store/vec4 v0x600002e75cb0_0, 0, 1;
    %pushi/vec4 0, 0, 1;
    %store/vec4 v0x600002e75d40_0, 0, 1;
    %pushi/vec4 0, 0, 1;
    %store/vec4 v0x600002e75dd0_0, 0, 1;
    %pushi/vec4 1, 0, 1;
    %store/vec4 v0x600002e75e60_0, 0, 1;
    %pushi/vec4 0, 0, 1;
    %store/vec4 v0x600002e75ef0_0, 0, 1;
    %pushi/vec4 1, 0, 1;
    %store/vec4 v0x600002e75f80_0, 0, 1;
    %delay 10000, 0;
    %pushi/vec4 0, 0, 1;
    %store/vec4 v0x600002e759e0_0, 0, 1;
    %pushi/vec4 0, 0, 1;
    %store/vec4 v0x600002e75a70_0, 0, 1;
    %pushi/vec4 0, 0, 1;
    %store/vec4 v0x600002e75b00_0, 0, 1;
    %pushi/vec4 0, 0, 1;
    %store/vec4 v0x600002e75b90_0, 0, 1;
    %pushi/vec4 0, 0, 1;
    %store/vec4 v0x600002e75c20_0, 0, 1;
    %pushi/vec4 0, 0, 1;
    %store/vec4 v0x600002e75cb0_0, 0, 1;
    %pushi/vec4 0, 0, 1;
    %store/vec4 v0x600002e75d40_0, 0, 1;
    %pushi/vec4 0, 0, 1;
    %store/vec4 v0x600002e75dd0_0, 0, 1;
    %pushi/vec4 1, 0, 1;
    %store/vec4 v0x600002e75e60_0, 0, 1;
    %pushi/vec4 1, 0, 1;
    %store/vec4 v0x600002e75ef0_0, 0, 1;
    %pushi/vec4 0, 0, 1;
    %store/vec4 v0x600002e75f80_0, 0, 1;
    %delay 10000, 0;
    %pushi/vec4 0, 0, 1;
    %store/vec4 v0x600002e759e0_0, 0, 1;
    %pushi/vec4 0, 0, 1;
    %store/vec4 v0x600002e75a70_0, 0, 1;
    %pushi/vec4 0, 0, 1;
    %store/vec4 v0x600002e75b00_0, 0, 1;
    %pushi/vec4 0, 0, 1;
    %store/vec4 v0x600002e75b90_0, 0, 1;
    %pushi/vec4 0, 0, 1;
    %store/vec4 v0x600002e75c20_0, 0, 1;
    %pushi/vec4 0, 0, 1;
    %store/vec4 v0x600002e75cb0_0, 0, 1;
    %pushi/vec4 0, 0, 1;
    %store/vec4 v0x600002e75d40_0, 0, 1;
    %pushi/vec4 0, 0, 1;
    %store/vec4 v0x600002e75dd0_0, 0, 1;
    %pushi/vec4 1, 0, 1;
    %store/vec4 v0x600002e75e60_0, 0, 1;
    %pushi/vec4 1, 0, 1;
    %store/vec4 v0x600002e75ef0_0, 0, 1;
    %pushi/vec4 1, 0, 1;
    %store/vec4 v0x600002e75f80_0, 0, 1;
    %delay 10000, 0;
    %pushi/vec4 0, 0, 1;
    %store/vec4 v0x600002e759e0_0, 0, 1;
    %pushi/vec4 0, 0, 1;
    %store/vec4 v0x600002e75a70_0, 0, 1;
    %pushi/vec4 0, 0, 1;
    %store/vec4 v0x600002e75b00_0, 0, 1;
    %pushi/vec4 0, 0, 1;
    %store/vec4 v0x600002e75b90_0, 0, 1;
    %pushi/vec4 0, 0, 1;
    %store/vec4 v0x600002e75c20_0, 0, 1;
    %pushi/vec4 0, 0, 1;
    %store/vec4 v0x600002e75cb0_0, 0, 1;
    %pushi/vec4 0, 0, 1;
    %store/vec4 v0x600002e75d40_0, 0, 1;
    %pushi/vec4 1, 0, 1;
    %store/vec4 v0x600002e75dd0_0, 0, 1;
    %pushi/vec4 0, 0, 1;
    %store/vec4 v0x600002e75e60_0, 0, 1;
    %pushi/vec4 0, 0, 1;
    %store/vec4 v0x600002e75ef0_0, 0, 1;
    %pushi/vec4 0, 0, 1;
    %store/vec4 v0x600002e75f80_0, 0, 1;
    %delay 10000, 0;
    %pushi/vec4 0, 0, 1;
    %store/vec4 v0x600002e759e0_0, 0, 1;
    %pushi/vec4 0, 0, 1;
    %store/vec4 v0x600002e75a70_0, 0, 1;
    %pushi/vec4 0, 0, 1;
    %store/vec4 v0x600002e75b00_0, 0, 1;
    %pushi/vec4 0, 0, 1;
    %store/vec4 v0x600002e75b90_0, 0, 1;
    %pushi/vec4 0, 0, 1;
    %store/vec4 v0x600002e75c20_0, 0, 1;
    %pushi/vec4 0, 0, 1;
    %store/vec4 v0x600002e75cb0_0, 0, 1;
    %pushi/vec4 0, 0, 1;
    %store/vec4 v0x600002e75d40_0, 0, 1;
    %pushi/vec4 1, 0, 1;
    %store/vec4 v0x600002e75dd0_0, 0, 1;
    %pushi/vec4 0, 0, 1;
    %store/vec4 v0x600002e75e60_0, 0, 1;
    %pushi/vec4 0, 0, 1;
    %store/vec4 v0x600002e75ef0_0, 0, 1;
    %pushi/vec4 1, 0, 1;
    %store/vec4 v0x600002e75f80_0, 0, 1;
    %delay 10000, 0;
    %pushi/vec4 0, 0, 1;
    %store/vec4 v0x600002e759e0_0, 0, 1;
    %pushi/vec4 0, 0, 1;
    %store/vec4 v0x600002e75a70_0, 0, 1;
    %pushi/vec4 0, 0, 1;
    %store/vec4 v0x600002e75b00_0, 0, 1;
    %pushi/vec4 0, 0, 1;
    %store/vec4 v0x600002e75b90_0, 0, 1;
    %pushi/vec4 0, 0, 1;
    %store/vec4 v0x600002e75c20_0, 0, 1;
    %pushi/vec4 0, 0, 1;
    %store/vec4 v0x600002e75cb0_0, 0, 1;
    %pushi/vec4 0, 0, 1;
    %store/vec4 v0x600002e75d40_0, 0, 1;
    %pushi/vec4 1, 0, 1;
    %store/vec4 v0x600002e75dd0_0, 0, 1;
    %pushi/vec4 0, 0, 1;
    %store/vec4 v0x600002e75e60_0, 0, 1;
    %pushi/vec4 1, 0, 1;
    %store/vec4 v0x600002e75ef0_0, 0, 1;
    %pushi/vec4 0, 0, 1;
    %store/vec4 v0x600002e75f80_0, 0, 1;
    %delay 10000, 0;
    %pushi/vec4 0, 0, 1;
    %store/vec4 v0x600002e759e0_0, 0, 1;
    %pushi/vec4 0, 0, 1;
    %store/vec4 v0x600002e75a70_0, 0, 1;
    %pushi/vec4 0, 0, 1;
    %store/vec4 v0x600002e75b00_0, 0, 1;
    %pushi/vec4 0, 0, 1;
    %store/vec4 v0x600002e75b90_0, 0, 1;
    %pushi/vec4 0, 0, 1;
    %store/vec4 v0x600002e75c20_0, 0, 1;
    %pushi/vec4 0, 0, 1;
    %store/vec4 v0x600002e75cb0_0, 0, 1;
    %pushi/vec4 0, 0, 1;
    %store/vec4 v0x600002e75d40_0, 0, 1;
    %pushi/vec4 1, 0, 1;
    %store/vec4 v0x600002e75dd0_0, 0, 1;
    %pushi/vec4 0, 0, 1;
    %store/vec4 v0x600002e75e60_0, 0, 1;
    %pushi/vec4 1, 0, 1;
    %store/vec4 v0x600002e75ef0_0, 0, 1;
    %pushi/vec4 1, 0, 1;
    %store/vec4 v0x600002e75f80_0, 0, 1;
    %delay 10000, 0;
    %pushi/vec4 0, 0, 1;
    %store/vec4 v0x600002e759e0_0, 0, 1;
    %pushi/vec4 0, 0, 1;
    %store/vec4 v0x600002e75a70_0, 0, 1;
    %pushi/vec4 0, 0, 1;
    %store/vec4 v0x600002e75b00_0, 0, 1;
    %pushi/vec4 0, 0, 1;
    %store/vec4 v0x600002e75b90_0, 0, 1;
    %pushi/vec4 0, 0, 1;
    %store/vec4 v0x600002e75c20_0, 0, 1;
    %pushi/vec4 0, 0, 1;
    %store/vec4 v0x600002e75cb0_0, 0, 1;
    %pushi/vec4 0, 0, 1;
    %store/vec4 v0x600002e75d40_0, 0, 1;
    %pushi/vec4 1, 0, 1;
    %store/vec4 v0x600002e75dd0_0, 0, 1;
    %pushi/vec4 1, 0, 1;
    %store/vec4 v0x600002e75e60_0, 0, 1;
    %pushi/vec4 0, 0, 1;
    %store/vec4 v0x600002e75ef0_0, 0, 1;
    %pushi/vec4 0, 0, 1;
    %store/vec4 v0x600002e75f80_0, 0, 1;
    %delay 10000, 0;
    %pushi/vec4 0, 0, 1;
    %store/vec4 v0x600002e759e0_0, 0, 1;
    %pushi/vec4 0, 0, 1;
    %store/vec4 v0x600002e75a70_0, 0, 1;
    %pushi/vec4 0, 0, 1;
    %store/vec4 v0x600002e75b00_0, 0, 1;
    %pushi/vec4 0, 0, 1;
    %store/vec4 v0x600002e75b90_0, 0, 1;
    %pushi/vec4 0, 0, 1;
    %store/vec4 v0x600002e75c20_0, 0, 1;
    %pushi/vec4 0, 0, 1;
    %store/vec4 v0x600002e75cb0_0, 0, 1;
    %pushi/vec4 0, 0, 1;
    %store/vec4 v0x600002e75d40_0, 0, 1;
    %pushi/vec4 1, 0, 1;
    %store/vec4 v0x600002e75dd0_0, 0, 1;
    %pushi/vec4 1, 0, 1;
    %store/vec4 v0x600002e75e60_0, 0, 1;
    %pushi/vec4 0, 0, 1;
    %store/vec4 v0x600002e75ef0_0, 0, 1;
    %pushi/vec4 1, 0, 1;
    %store/vec4 v0x600002e75f80_0, 0, 1;
    %delay 10000, 0;
    %pushi/vec4 0, 0, 1;
    %store/vec4 v0x600002e759e0_0, 0, 1;
    %pushi/vec4 0, 0, 1;
    %store/vec4 v0x600002e75a70_0, 0, 1;
    %pushi/vec4 0, 0, 1;
    %store/vec4 v0x600002e75b00_0, 0, 1;
    %pushi/vec4 0, 0, 1;
    %store/vec4 v0x600002e75b90_0, 0, 1;
    %pushi/vec4 0, 0, 1;
    %store/vec4 v0x600002e75c20_0, 0, 1;
    %pushi/vec4 0, 0, 1;
    %store/vec4 v0x600002e75cb0_0, 0, 1;
    %pushi/vec4 0, 0, 1;
    %store/vec4 v0x600002e75d40_0, 0, 1;
    %pushi/vec4 1, 0, 1;
    %store/vec4 v0x600002e75dd0_0, 0, 1;
    %pushi/vec4 1, 0, 1;
    %store/vec4 v0x600002e75e60_0, 0, 1;
    %pushi/vec4 1, 0, 1;
    %store/vec4 v0x600002e75ef0_0, 0, 1;
    %pushi/vec4 0, 0, 1;
    %store/vec4 v0x600002e75f80_0, 0, 1;
    %delay 10000, 0;
    %pushi/vec4 0, 0, 1;
    %store/vec4 v0x600002e759e0_0, 0, 1;
    %pushi/vec4 0, 0, 1;
    %store/vec4 v0x600002e75a70_0, 0, 1;
    %pushi/vec4 0, 0, 1;
    %store/vec4 v0x600002e75b00_0, 0, 1;
    %pushi/vec4 0, 0, 1;
    %store/vec4 v0x600002e75b90_0, 0, 1;
    %pushi/vec4 0, 0, 1;
    %store/vec4 v0x600002e75c20_0, 0, 1;
    %pushi/vec4 0, 0, 1;
    %store/vec4 v0x600002e75cb0_0, 0, 1;
    %pushi/vec4 0, 0, 1;
    %store/vec4 v0x600002e75d40_0, 0, 1;
    %pushi/vec4 1, 0, 1;
    %store/vec4 v0x600002e75dd0_0, 0, 1;
    %pushi/vec4 1, 0, 1;
    %store/vec4 v0x600002e75e60_0, 0, 1;
    %pushi/vec4 1, 0, 1;
    %store/vec4 v0x600002e75ef0_0, 0, 1;
    %pushi/vec4 1, 0, 1;
    %store/vec4 v0x600002e75f80_0, 0, 1;
    %delay 10000, 0;
    %vpi_call 2 32 "$finish" {0 0 0};
    %end;
    .thread T_7;
# The file index is used to find the file name in the following table.
:file_names 5;
    "N/A";
    "<interactive>";
    "mux8_tb.v";
    "mux8.v";
    "./../mux2/mux2.v";
