#! /opt/homebrew/Cellar/icarus-verilog/12.0/bin/vvp
:ivl_version "12.0 (stable)";
:ivl_delay_selection "TYPICAL";
:vpi_time_precision - 12;
:vpi_module "/opt/homebrew/Cellar/icarus-verilog/12.0/lib/ivl/system.vpi";
:vpi_module "/opt/homebrew/Cellar/icarus-verilog/12.0/lib/ivl/vhdl_sys.vpi";
:vpi_module "/opt/homebrew/Cellar/icarus-verilog/12.0/lib/ivl/vhdl_textio.vpi";
:vpi_module "/opt/homebrew/Cellar/icarus-verilog/12.0/lib/ivl/v2005_math.vpi";
:vpi_module "/opt/homebrew/Cellar/icarus-verilog/12.0/lib/ivl/va_math.vpi";
S_0x141604080 .scope module, "mux16_tb" "mux16_tb" 2 3;
 .timescale -9 -9;
v0x600003770360_0 .var "d0", 0 0;
v0x6000037703f0_0 .var "d1", 0 0;
v0x600003770480_0 .var "d10", 0 0;
v0x600003770510_0 .var "d11", 0 0;
v0x6000037705a0_0 .var "d12", 0 0;
v0x600003770630_0 .var "d13", 0 0;
v0x6000037706c0_0 .var "d14", 0 0;
v0x600003770750_0 .var "d15", 0 0;
v0x6000037707e0_0 .var "d2", 0 0;
v0x600003770870_0 .var "d3", 0 0;
v0x600003770900_0 .var "d4", 0 0;
v0x600003770990_0 .var "d5", 0 0;
v0x600003770a20_0 .var "d6", 0 0;
v0x600003770ab0_0 .var "d7", 0 0;
v0x600003770b40_0 .var "d8", 0 0;
v0x600003770bd0_0 .var "d9", 0 0;
v0x600003770c60_0 .var "s0", 0 0;
v0x600003770cf0_0 .var "s1", 0 0;
v0x600003770d80_0 .var "s2", 0 0;
v0x600003770e10_0 .var "s3", 0 0;
v0x600003770ea0_0 .net "y", 0 0, v0x600003777570_0;  1 drivers
S_0x1416041f0 .scope module, "mux16_1_instance" "mux16" 2 8, 3 4 0, S_0x141604080;
 .timescale -9 -12;
    .port_info 0 /INPUT 1 "a0";
    .port_info 1 /INPUT 1 "a1";
    .port_info 2 /INPUT 1 "a2";
    .port_info 3 /INPUT 1 "a3";
    .port_info 4 /INPUT 1 "a4";
    .port_info 5 /INPUT 1 "a5";
    .port_info 6 /INPUT 1 "a6";
    .port_info 7 /INPUT 1 "a7";
    .port_info 8 /INPUT 1 "a8";
    .port_info 9 /INPUT 1 "a9";
    .port_info 10 /INPUT 1 "a10";
    .port_info 11 /INPUT 1 "a11";
    .port_info 12 /INPUT 1 "a12";
    .port_info 13 /INPUT 1 "a13";
    .port_info 14 /INPUT 1 "a14";
    .port_info 15 /INPUT 1 "a15";
    .port_info 16 /INPUT 1 "s0";
    .port_info 17 /INPUT 1 "s1";
    .port_info 18 /INPUT 1 "s2";
    .port_info 19 /INPUT 1 "s3";
    .port_info 20 /OUTPUT 1 "y";
v0x600003777600_0 .net "a0", 0 0, v0x600003770360_0;  1 drivers
v0x600003777690_0 .net "a1", 0 0, v0x6000037703f0_0;  1 drivers
v0x600003777720_0 .net "a10", 0 0, v0x600003770480_0;  1 drivers
v0x6000037777b0_0 .net "a11", 0 0, v0x600003770510_0;  1 drivers
v0x600003777840_0 .net "a12", 0 0, v0x6000037705a0_0;  1 drivers
v0x6000037778d0_0 .net "a13", 0 0, v0x600003770630_0;  1 drivers
v0x600003777960_0 .net "a14", 0 0, v0x6000037706c0_0;  1 drivers
v0x6000037779f0_0 .net "a15", 0 0, v0x600003770750_0;  1 drivers
v0x600003777a80_0 .net "a2", 0 0, v0x6000037707e0_0;  1 drivers
v0x600003777b10_0 .net "a3", 0 0, v0x600003770870_0;  1 drivers
v0x600003777ba0_0 .net "a4", 0 0, v0x600003770900_0;  1 drivers
v0x600003777c30_0 .net "a5", 0 0, v0x600003770990_0;  1 drivers
v0x600003777cc0_0 .net "a6", 0 0, v0x600003770a20_0;  1 drivers
v0x600003777d50_0 .net "a7", 0 0, v0x600003770ab0_0;  1 drivers
v0x600003777de0_0 .net "a8", 0 0, v0x600003770b40_0;  1 drivers
v0x600003777e70_0 .net "a9", 0 0, v0x600003770bd0_0;  1 drivers
v0x600003777f00_0 .net "s0", 0 0, v0x600003770c60_0;  1 drivers
v0x600003770000_0 .net "s1", 0 0, v0x600003770cf0_0;  1 drivers
v0x600003770090_0 .net "s2", 0 0, v0x600003770d80_0;  1 drivers
v0x600003770120_0 .net "s3", 0 0, v0x600003770e10_0;  1 drivers
v0x6000037701b0_0 .net "w1", 0 0, v0x600003774f30_0;  1 drivers
v0x600003770240_0 .net "w2", 0 0, v0x600003776910_0;  1 drivers
v0x6000037702d0_0 .net "y", 0 0, v0x600003777570_0;  alias, 1 drivers
S_0x141604560 .scope module, "m0" "mux8" 3 12, 4 5 0, S_0x1416041f0;
 .timescale -9 -12;
    .port_info 0 /INPUT 1 "a0";
    .port_info 1 /INPUT 1 "a1";
    .port_info 2 /INPUT 1 "a2";
    .port_info 3 /INPUT 1 "a3";
    .port_info 4 /INPUT 1 "a4";
    .port_info 5 /INPUT 1 "a5";
    .port_info 6 /INPUT 1 "a6";
    .port_info 7 /INPUT 1 "a7";
    .port_info 8 /INPUT 1 "s0";
    .port_info 9 /INPUT 1 "s1";
    .port_info 10 /INPUT 1 "s2";
    .port_info 11 /OUTPUT 1 "y";
v0x600003774fc0_0 .net "a0", 0 0, v0x600003770360_0;  alias, 1 drivers
v0x600003775050_0 .net "a1", 0 0, v0x6000037703f0_0;  alias, 1 drivers
v0x6000037750e0_0 .net "a2", 0 0, v0x6000037707e0_0;  alias, 1 drivers
v0x600003775170_0 .net "a3", 0 0, v0x600003770870_0;  alias, 1 drivers
v0x600003775200_0 .net "a4", 0 0, v0x600003770900_0;  alias, 1 drivers
v0x600003775290_0 .net "a5", 0 0, v0x600003770990_0;  alias, 1 drivers
v0x600003775320_0 .net "a6", 0 0, v0x600003770a20_0;  alias, 1 drivers
v0x6000037753b0_0 .net "a7", 0 0, v0x600003770ab0_0;  alias, 1 drivers
v0x600003775440_0 .net "s0", 0 0, v0x600003770c60_0;  alias, 1 drivers
v0x6000037754d0_0 .net "s1", 0 0, v0x600003770cf0_0;  alias, 1 drivers
v0x600003775560_0 .net "s2", 0 0, v0x600003770d80_0;  alias, 1 drivers
v0x6000037755f0_0 .net "w1", 0 0, v0x6000037741b0_0;  1 drivers
v0x600003775680_0 .net "w2", 0 0, v0x6000037743f0_0;  1 drivers
v0x600003775710_0 .net "w3", 0 0, v0x600003774630_0;  1 drivers
v0x6000037757a0_0 .net "w4", 0 0, v0x600003774870_0;  1 drivers
v0x600003775830_0 .net "w5", 0 0, v0x600003774ab0_0;  1 drivers
v0x6000037758c0_0 .net "w6", 0 0, v0x600003774cf0_0;  1 drivers
v0x600003775950_0 .net "y", 0 0, v0x600003774f30_0;  alias, 1 drivers
S_0x1416047f0 .scope module, "m0" "mux2" 4 10, 5 3 0, S_0x141604560;
 .timescale -9 -12;
    .port_info 0 /INPUT 1 "a0";
    .port_info 1 /INPUT 1 "a1";
    .port_info 2 /INPUT 1 "s";
    .port_info 3 /OUTPUT 1 "y";
v0x600003774000_0 .net "a0", 0 0, v0x600003770360_0;  alias, 1 drivers
v0x600003774090_0 .net "a1", 0 0, v0x6000037703f0_0;  alias, 1 drivers
v0x600003774120_0 .net "s", 0 0, v0x600003770c60_0;  alias, 1 drivers
v0x6000037741b0_0 .var "y", 0 0;
E_0x600001070040 .event anyedge, v0x600003774120_0, v0x600003774090_0, v0x600003774000_0;
S_0x141604960 .scope module, "m1" "mux2" 4 11, 5 3 0, S_0x141604560;
 .timescale -9 -12;
    .port_info 0 /INPUT 1 "a0";
    .port_info 1 /INPUT 1 "a1";
    .port_info 2 /INPUT 1 "s";
    .port_info 3 /OUTPUT 1 "y";
v0x600003774240_0 .net "a0", 0 0, v0x6000037707e0_0;  alias, 1 drivers
v0x6000037742d0_0 .net "a1", 0 0, v0x600003770870_0;  alias, 1 drivers
v0x600003774360_0 .net "s", 0 0, v0x600003770c60_0;  alias, 1 drivers
v0x6000037743f0_0 .var "y", 0 0;
E_0x600001070100 .event anyedge, v0x600003774120_0, v0x6000037742d0_0, v0x600003774240_0;
S_0x141604ad0 .scope module, "m2" "mux2" 4 12, 5 3 0, S_0x141604560;
 .timescale -9 -12;
    .port_info 0 /INPUT 1 "a0";
    .port_info 1 /INPUT 1 "a1";
    .port_info 2 /INPUT 1 "s";
    .port_info 3 /OUTPUT 1 "y";
v0x600003774480_0 .net "a0", 0 0, v0x600003770900_0;  alias, 1 drivers
v0x600003774510_0 .net "a1", 0 0, v0x600003770990_0;  alias, 1 drivers
v0x6000037745a0_0 .net "s", 0 0, v0x600003770c60_0;  alias, 1 drivers
v0x600003774630_0 .var "y", 0 0;
E_0x600001070140 .event anyedge, v0x600003774120_0, v0x600003774510_0, v0x600003774480_0;
S_0x141604c40 .scope module, "m3" "mux2" 4 13, 5 3 0, S_0x141604560;
 .timescale -9 -12;
    .port_info 0 /INPUT 1 "a0";
    .port_info 1 /INPUT 1 "a1";
    .port_info 2 /INPUT 1 "s";
    .port_info 3 /OUTPUT 1 "y";
v0x6000037746c0_0 .net "a0", 0 0, v0x600003770a20_0;  alias, 1 drivers
v0x600003774750_0 .net "a1", 0 0, v0x600003770ab0_0;  alias, 1 drivers
v0x6000037747e0_0 .net "s", 0 0, v0x600003770c60_0;  alias, 1 drivers
v0x600003774870_0 .var "y", 0 0;
E_0x6000010701c0 .event anyedge, v0x600003774120_0, v0x600003774750_0, v0x6000037746c0_0;
S_0x141604db0 .scope module, "m4" "mux2" 4 15, 5 3 0, S_0x141604560;
 .timescale -9 -12;
    .port_info 0 /INPUT 1 "a0";
    .port_info 1 /INPUT 1 "a1";
    .port_info 2 /INPUT 1 "s";
    .port_info 3 /OUTPUT 1 "y";
v0x600003774900_0 .net "a0", 0 0, v0x6000037741b0_0;  alias, 1 drivers
v0x600003774990_0 .net "a1", 0 0, v0x6000037743f0_0;  alias, 1 drivers
v0x600003774a20_0 .net "s", 0 0, v0x600003770cf0_0;  alias, 1 drivers
v0x600003774ab0_0 .var "y", 0 0;
E_0x600001070240 .event anyedge, v0x600003774a20_0, v0x6000037743f0_0, v0x6000037741b0_0;
S_0x141604f20 .scope module, "m5" "mux2" 4 16, 5 3 0, S_0x141604560;
 .timescale -9 -12;
    .port_info 0 /INPUT 1 "a0";
    .port_info 1 /INPUT 1 "a1";
    .port_info 2 /INPUT 1 "s";
    .port_info 3 /OUTPUT 1 "y";
v0x600003774b40_0 .net "a0", 0 0, v0x600003774630_0;  alias, 1 drivers
v0x600003774bd0_0 .net "a1", 0 0, v0x600003774870_0;  alias, 1 drivers
v0x600003774c60_0 .net "s", 0 0, v0x600003770cf0_0;  alias, 1 drivers
v0x600003774cf0_0 .var "y", 0 0;
E_0x600001070280 .event anyedge, v0x600003774a20_0, v0x600003774870_0, v0x600003774630_0;
S_0x141605090 .scope module, "m6" "mux2" 4 18, 5 3 0, S_0x141604560;
 .timescale -9 -12;
    .port_info 0 /INPUT 1 "a0";
    .port_info 1 /INPUT 1 "a1";
    .port_info 2 /INPUT 1 "s";
    .port_info 3 /OUTPUT 1 "y";
v0x600003774d80_0 .net "a0", 0 0, v0x600003774ab0_0;  alias, 1 drivers
v0x600003774e10_0 .net "a1", 0 0, v0x600003774cf0_0;  alias, 1 drivers
v0x600003774ea0_0 .net "s", 0 0, v0x600003770d80_0;  alias, 1 drivers
v0x600003774f30_0 .var "y", 0 0;
E_0x6000010702c0 .event anyedge, v0x600003774ea0_0, v0x600003774cf0_0, v0x600003774ab0_0;
S_0x141605200 .scope module, "m1" "mux8" 3 13, 4 5 0, S_0x1416041f0;
 .timescale -9 -12;
    .port_info 0 /INPUT 1 "a0";
    .port_info 1 /INPUT 1 "a1";
    .port_info 2 /INPUT 1 "a2";
    .port_info 3 /INPUT 1 "a3";
    .port_info 4 /INPUT 1 "a4";
    .port_info 5 /INPUT 1 "a5";
    .port_info 6 /INPUT 1 "a6";
    .port_info 7 /INPUT 1 "a7";
    .port_info 8 /INPUT 1 "s0";
    .port_info 9 /INPUT 1 "s1";
    .port_info 10 /INPUT 1 "s2";
    .port_info 11 /OUTPUT 1 "y";
v0x6000037769a0_0 .net "a0", 0 0, v0x600003770b40_0;  alias, 1 drivers
v0x600003776a30_0 .net "a1", 0 0, v0x600003770bd0_0;  alias, 1 drivers
v0x600003776ac0_0 .net "a2", 0 0, v0x600003770480_0;  alias, 1 drivers
v0x600003776b50_0 .net "a3", 0 0, v0x600003770510_0;  alias, 1 drivers
v0x600003776be0_0 .net "a4", 0 0, v0x6000037705a0_0;  alias, 1 drivers
v0x600003776c70_0 .net "a5", 0 0, v0x600003770630_0;  alias, 1 drivers
v0x600003776d00_0 .net "a6", 0 0, v0x6000037706c0_0;  alias, 1 drivers
v0x600003776d90_0 .net "a7", 0 0, v0x600003770750_0;  alias, 1 drivers
v0x600003776e20_0 .net "s0", 0 0, v0x600003770c60_0;  alias, 1 drivers
v0x600003776eb0_0 .net "s1", 0 0, v0x600003770cf0_0;  alias, 1 drivers
v0x600003776f40_0 .net "s2", 0 0, v0x600003770d80_0;  alias, 1 drivers
v0x600003776fd0_0 .net "w1", 0 0, v0x600003775b90_0;  1 drivers
v0x600003777060_0 .net "w2", 0 0, v0x600003775dd0_0;  1 drivers
v0x6000037770f0_0 .net "w3", 0 0, v0x600003776010_0;  1 drivers
v0x600003777180_0 .net "w4", 0 0, v0x600003776250_0;  1 drivers
v0x600003777210_0 .net "w5", 0 0, v0x600003776490_0;  1 drivers
v0x6000037772a0_0 .net "w6", 0 0, v0x6000037766d0_0;  1 drivers
v0x600003777330_0 .net "y", 0 0, v0x600003776910_0;  alias, 1 drivers
S_0x141605490 .scope module, "m0" "mux2" 4 10, 5 3 0, S_0x141605200;
 .timescale -9 -12;
    .port_info 0 /INPUT 1 "a0";
    .port_info 1 /INPUT 1 "a1";
    .port_info 2 /INPUT 1 "s";
    .port_info 3 /OUTPUT 1 "y";
v0x6000037759e0_0 .net "a0", 0 0, v0x600003770b40_0;  alias, 1 drivers
v0x600003775a70_0 .net "a1", 0 0, v0x600003770bd0_0;  alias, 1 drivers
v0x600003775b00_0 .net "s", 0 0, v0x600003770c60_0;  alias, 1 drivers
v0x600003775b90_0 .var "y", 0 0;
E_0x600001070480 .event anyedge, v0x600003774120_0, v0x600003775a70_0, v0x6000037759e0_0;
S_0x141605600 .scope module, "m1" "mux2" 4 11, 5 3 0, S_0x141605200;
 .timescale -9 -12;
    .port_info 0 /INPUT 1 "a0";
    .port_info 1 /INPUT 1 "a1";
    .port_info 2 /INPUT 1 "s";
    .port_info 3 /OUTPUT 1 "y";
v0x600003775c20_0 .net "a0", 0 0, v0x600003770480_0;  alias, 1 drivers
v0x600003775cb0_0 .net "a1", 0 0, v0x600003770510_0;  alias, 1 drivers
v0x600003775d40_0 .net "s", 0 0, v0x600003770c60_0;  alias, 1 drivers
v0x600003775dd0_0 .var "y", 0 0;
E_0x6000010704c0 .event anyedge, v0x600003774120_0, v0x600003775cb0_0, v0x600003775c20_0;
S_0x141605770 .scope module, "m2" "mux2" 4 12, 5 3 0, S_0x141605200;
 .timescale -9 -12;
    .port_info 0 /INPUT 1 "a0";
    .port_info 1 /INPUT 1 "a1";
    .port_info 2 /INPUT 1 "s";
    .port_info 3 /OUTPUT 1 "y";
v0x600003775e60_0 .net "a0", 0 0, v0x6000037705a0_0;  alias, 1 drivers
v0x600003775ef0_0 .net "a1", 0 0, v0x600003770630_0;  alias, 1 drivers
v0x600003775f80_0 .net "s", 0 0, v0x600003770c60_0;  alias, 1 drivers
v0x600003776010_0 .var "y", 0 0;
E_0x600001070500 .event anyedge, v0x600003774120_0, v0x600003775ef0_0, v0x600003775e60_0;
S_0x1416058e0 .scope module, "m3" "mux2" 4 13, 5 3 0, S_0x141605200;
 .timescale -9 -12;
    .port_info 0 /INPUT 1 "a0";
    .port_info 1 /INPUT 1 "a1";
    .port_info 2 /INPUT 1 "s";
    .port_info 3 /OUTPUT 1 "y";
v0x6000037760a0_0 .net "a0", 0 0, v0x6000037706c0_0;  alias, 1 drivers
v0x600003776130_0 .net "a1", 0 0, v0x600003770750_0;  alias, 1 drivers
v0x6000037761c0_0 .net "s", 0 0, v0x600003770c60_0;  alias, 1 drivers
v0x600003776250_0 .var "y", 0 0;
E_0x600001070540 .event anyedge, v0x600003774120_0, v0x600003776130_0, v0x6000037760a0_0;
S_0x141605a50 .scope module, "m4" "mux2" 4 15, 5 3 0, S_0x141605200;
 .timescale -9 -12;
    .port_info 0 /INPUT 1 "a0";
    .port_info 1 /INPUT 1 "a1";
    .port_info 2 /INPUT 1 "s";
    .port_info 3 /OUTPUT 1 "y";
v0x6000037762e0_0 .net "a0", 0 0, v0x600003775b90_0;  alias, 1 drivers
v0x600003776370_0 .net "a1", 0 0, v0x600003775dd0_0;  alias, 1 drivers
v0x600003776400_0 .net "s", 0 0, v0x600003770cf0_0;  alias, 1 drivers
v0x600003776490_0 .var "y", 0 0;
E_0x6000010705c0 .event anyedge, v0x600003774a20_0, v0x600003775dd0_0, v0x600003775b90_0;
S_0x141605bc0 .scope module, "m5" "mux2" 4 16, 5 3 0, S_0x141605200;
 .timescale -9 -12;
    .port_info 0 /INPUT 1 "a0";
    .port_info 1 /INPUT 1 "a1";
    .port_info 2 /INPUT 1 "s";
    .port_info 3 /OUTPUT 1 "y";
v0x600003776520_0 .net "a0", 0 0, v0x600003776010_0;  alias, 1 drivers
v0x6000037765b0_0 .net "a1", 0 0, v0x600003776250_0;  alias, 1 drivers
v0x600003776640_0 .net "s", 0 0, v0x600003770cf0_0;  alias, 1 drivers
v0x6000037766d0_0 .var "y", 0 0;
E_0x600001070600 .event anyedge, v0x600003774a20_0, v0x600003776250_0, v0x600003776010_0;
S_0x141605d30 .scope module, "m6" "mux2" 4 18, 5 3 0, S_0x141605200;
 .timescale -9 -12;
    .port_info 0 /INPUT 1 "a0";
    .port_info 1 /INPUT 1 "a1";
    .port_info 2 /INPUT 1 "s";
    .port_info 3 /OUTPUT 1 "y";
v0x600003776760_0 .net "a0", 0 0, v0x600003776490_0;  alias, 1 drivers
v0x6000037767f0_0 .net "a1", 0 0, v0x6000037766d0_0;  alias, 1 drivers
v0x600003776880_0 .net "s", 0 0, v0x600003770d80_0;  alias, 1 drivers
v0x600003776910_0 .var "y", 0 0;
E_0x600001070180 .event anyedge, v0x600003774ea0_0, v0x6000037766d0_0, v0x600003776490_0;
S_0x141605ea0 .scope module, "m2" "mux2" 3 11, 5 3 0, S_0x1416041f0;
 .timescale -9 -12;
    .port_info 0 /INPUT 1 "a0";
    .port_info 1 /INPUT 1 "a1";
    .port_info 2 /INPUT 1 "s";
    .port_info 3 /OUTPUT 1 "y";
v0x6000037773c0_0 .net "a0", 0 0, v0x600003774f30_0;  alias, 1 drivers
v0x600003777450_0 .net "a1", 0 0, v0x600003776910_0;  alias, 1 drivers
v0x6000037774e0_0 .net "s", 0 0, v0x600003770e10_0;  alias, 1 drivers
v0x600003777570_0 .var "y", 0 0;
E_0x600001070800 .event anyedge, v0x6000037774e0_0, v0x600003776910_0, v0x600003774f30_0;
    .scope S_0x141605ea0;
T_0 ;
    %wait E_0x600001070800;
    %load/vec4 v0x6000037774e0_0;
    %dup/vec4;
    %pushi/vec4 0, 0, 1;
    %cmp/u;
    %jmp/1 T_0.0, 6;
    %dup/vec4;
    %pushi/vec4 1, 0, 1;
    %cmp/u;
    %jmp/1 T_0.1, 6;
    %jmp T_0.2;
T_0.0 ;
    %load/vec4 v0x6000037773c0_0;
    %store/vec4 v0x600003777570_0, 0, 1;
    %jmp T_0.2;
T_0.1 ;
    %load/vec4 v0x600003777450_0;
    %store/vec4 v0x600003777570_0, 0, 1;
    %jmp T_0.2;
T_0.2 ;
    %pop/vec4 1;
    %jmp T_0;
    .thread T_0, $push;
    .scope S_0x1416047f0;
T_1 ;
    %wait E_0x600001070040;
    %load/vec4 v0x600003774120_0;
    %dup/vec4;
    %pushi/vec4 0, 0, 1;
    %cmp/u;
    %jmp/1 T_1.0, 6;
    %dup/vec4;
    %pushi/vec4 1, 0, 1;
    %cmp/u;
    %jmp/1 T_1.1, 6;
    %jmp T_1.2;
T_1.0 ;
    %load/vec4 v0x600003774000_0;
    %store/vec4 v0x6000037741b0_0, 0, 1;
    %jmp T_1.2;
T_1.1 ;
    %load/vec4 v0x600003774090_0;
    %store/vec4 v0x6000037741b0_0, 0, 1;
    %jmp T_1.2;
T_1.2 ;
    %pop/vec4 1;
    %jmp T_1;
    .thread T_1, $push;
    .scope S_0x141604960;
T_2 ;
    %wait E_0x600001070100;
    %load/vec4 v0x600003774360_0;
    %dup/vec4;
    %pushi/vec4 0, 0, 1;
    %cmp/u;
    %jmp/1 T_2.0, 6;
    %dup/vec4;
    %pushi/vec4 1, 0, 1;
    %cmp/u;
    %jmp/1 T_2.1, 6;
    %jmp T_2.2;
T_2.0 ;
    %load/vec4 v0x600003774240_0;
    %store/vec4 v0x6000037743f0_0, 0, 1;
    %jmp T_2.2;
T_2.1 ;
    %load/vec4 v0x6000037742d0_0;
    %store/vec4 v0x6000037743f0_0, 0, 1;
    %jmp T_2.2;
T_2.2 ;
    %pop/vec4 1;
    %jmp T_2;
    .thread T_2, $push;
    .scope S_0x141604ad0;
T_3 ;
    %wait E_0x600001070140;
    %load/vec4 v0x6000037745a0_0;
    %dup/vec4;
    %pushi/vec4 0, 0, 1;
    %cmp/u;
    %jmp/1 T_3.0, 6;
    %dup/vec4;
    %pushi/vec4 1, 0, 1;
    %cmp/u;
    %jmp/1 T_3.1, 6;
    %jmp T_3.2;
T_3.0 ;
    %load/vec4 v0x600003774480_0;
    %store/vec4 v0x600003774630_0, 0, 1;
    %jmp T_3.2;
T_3.1 ;
    %load/vec4 v0x600003774510_0;
    %store/vec4 v0x600003774630_0, 0, 1;
    %jmp T_3.2;
T_3.2 ;
    %pop/vec4 1;
    %jmp T_3;
    .thread T_3, $push;
    .scope S_0x141604c40;
T_4 ;
    %wait E_0x6000010701c0;
    %load/vec4 v0x6000037747e0_0;
    %dup/vec4;
    %pushi/vec4 0, 0, 1;
    %cmp/u;
    %jmp/1 T_4.0, 6;
    %dup/vec4;
    %pushi/vec4 1, 0, 1;
    %cmp/u;
    %jmp/1 T_4.1, 6;
    %jmp T_4.2;
T_4.0 ;
    %load/vec4 v0x6000037746c0_0;
    %store/vec4 v0x600003774870_0, 0, 1;
    %jmp T_4.2;
T_4.1 ;
    %load/vec4 v0x600003774750_0;
    %store/vec4 v0x600003774870_0, 0, 1;
    %jmp T_4.2;
T_4.2 ;
    %pop/vec4 1;
    %jmp T_4;
    .thread T_4, $push;
    .scope S_0x141604db0;
T_5 ;
    %wait E_0x600001070240;
    %load/vec4 v0x600003774a20_0;
    %dup/vec4;
    %pushi/vec4 0, 0, 1;
    %cmp/u;
    %jmp/1 T_5.0, 6;
    %dup/vec4;
    %pushi/vec4 1, 0, 1;
    %cmp/u;
    %jmp/1 T_5.1, 6;
    %jmp T_5.2;
T_5.0 ;
    %load/vec4 v0x600003774900_0;
    %store/vec4 v0x600003774ab0_0, 0, 1;
    %jmp T_5.2;
T_5.1 ;
    %load/vec4 v0x600003774990_0;
    %store/vec4 v0x600003774ab0_0, 0, 1;
    %jmp T_5.2;
T_5.2 ;
    %pop/vec4 1;
    %jmp T_5;
    .thread T_5, $push;
    .scope S_0x141604f20;
T_6 ;
    %wait E_0x600001070280;
    %load/vec4 v0x600003774c60_0;
    %dup/vec4;
    %pushi/vec4 0, 0, 1;
    %cmp/u;
    %jmp/1 T_6.0, 6;
    %dup/vec4;
    %pushi/vec4 1, 0, 1;
    %cmp/u;
    %jmp/1 T_6.1, 6;
    %jmp T_6.2;
T_6.0 ;
    %load/vec4 v0x600003774b40_0;
    %store/vec4 v0x600003774cf0_0, 0, 1;
    %jmp T_6.2;
T_6.1 ;
    %load/vec4 v0x600003774bd0_0;
    %store/vec4 v0x600003774cf0_0, 0, 1;
    %jmp T_6.2;
T_6.2 ;
    %pop/vec4 1;
    %jmp T_6;
    .thread T_6, $push;
    .scope S_0x141605090;
T_7 ;
    %wait E_0x6000010702c0;
    %load/vec4 v0x600003774ea0_0;
    %dup/vec4;
    %pushi/vec4 0, 0, 1;
    %cmp/u;
    %jmp/1 T_7.0, 6;
    %dup/vec4;
    %pushi/vec4 1, 0, 1;
    %cmp/u;
    %jmp/1 T_7.1, 6;
    %jmp T_7.2;
T_7.0 ;
    %load/vec4 v0x600003774d80_0;
    %store/vec4 v0x600003774f30_0, 0, 1;
    %jmp T_7.2;
T_7.1 ;
    %load/vec4 v0x600003774e10_0;
    %store/vec4 v0x600003774f30_0, 0, 1;
    %jmp T_7.2;
T_7.2 ;
    %pop/vec4 1;
    %jmp T_7;
    .thread T_7, $push;
    .scope S_0x141605490;
T_8 ;
    %wait E_0x600001070480;
    %load/vec4 v0x600003775b00_0;
    %dup/vec4;
    %pushi/vec4 0, 0, 1;
    %cmp/u;
    %jmp/1 T_8.0, 6;
    %dup/vec4;
    %pushi/vec4 1, 0, 1;
    %cmp/u;
    %jmp/1 T_8.1, 6;
    %jmp T_8.2;
T_8.0 ;
    %load/vec4 v0x6000037759e0_0;
    %store/vec4 v0x600003775b90_0, 0, 1;
    %jmp T_8.2;
T_8.1 ;
    %load/vec4 v0x600003775a70_0;
    %store/vec4 v0x600003775b90_0, 0, 1;
    %jmp T_8.2;
T_8.2 ;
    %pop/vec4 1;
    %jmp T_8;
    .thread T_8, $push;
    .scope S_0x141605600;
T_9 ;
    %wait E_0x6000010704c0;
    %load/vec4 v0x600003775d40_0;
    %dup/vec4;
    %pushi/vec4 0, 0, 1;
    %cmp/u;
    %jmp/1 T_9.0, 6;
    %dup/vec4;
    %pushi/vec4 1, 0, 1;
    %cmp/u;
    %jmp/1 T_9.1, 6;
    %jmp T_9.2;
T_9.0 ;
    %load/vec4 v0x600003775c20_0;
    %store/vec4 v0x600003775dd0_0, 0, 1;
    %jmp T_9.2;
T_9.1 ;
    %load/vec4 v0x600003775cb0_0;
    %store/vec4 v0x600003775dd0_0, 0, 1;
    %jmp T_9.2;
T_9.2 ;
    %pop/vec4 1;
    %jmp T_9;
    .thread T_9, $push;
    .scope S_0x141605770;
T_10 ;
    %wait E_0x600001070500;
    %load/vec4 v0x600003775f80_0;
    %dup/vec4;
    %pushi/vec4 0, 0, 1;
    %cmp/u;
    %jmp/1 T_10.0, 6;
    %dup/vec4;
    %pushi/vec4 1, 0, 1;
    %cmp/u;
    %jmp/1 T_10.1, 6;
    %jmp T_10.2;
T_10.0 ;
    %load/vec4 v0x600003775e60_0;
    %store/vec4 v0x600003776010_0, 0, 1;
    %jmp T_10.2;
T_10.1 ;
    %load/vec4 v0x600003775ef0_0;
    %store/vec4 v0x600003776010_0, 0, 1;
    %jmp T_10.2;
T_10.2 ;
    %pop/vec4 1;
    %jmp T_10;
    .thread T_10, $push;
    .scope S_0x1416058e0;
T_11 ;
    %wait E_0x600001070540;
    %load/vec4 v0x6000037761c0_0;
    %dup/vec4;
    %pushi/vec4 0, 0, 1;
    %cmp/u;
    %jmp/1 T_11.0, 6;
    %dup/vec4;
    %pushi/vec4 1, 0, 1;
    %cmp/u;
    %jmp/1 T_11.1, 6;
    %jmp T_11.2;
T_11.0 ;
    %load/vec4 v0x6000037760a0_0;
    %store/vec4 v0x600003776250_0, 0, 1;
    %jmp T_11.2;
T_11.1 ;
    %load/vec4 v0x600003776130_0;
    %store/vec4 v0x600003776250_0, 0, 1;
    %jmp T_11.2;
T_11.2 ;
    %pop/vec4 1;
    %jmp T_11;
    .thread T_11, $push;
    .scope S_0x141605a50;
T_12 ;
    %wait E_0x6000010705c0;
    %load/vec4 v0x600003776400_0;
    %dup/vec4;
    %pushi/vec4 0, 0, 1;
    %cmp/u;
    %jmp/1 T_12.0, 6;
    %dup/vec4;
    %pushi/vec4 1, 0, 1;
    %cmp/u;
    %jmp/1 T_12.1, 6;
    %jmp T_12.2;
T_12.0 ;
    %load/vec4 v0x6000037762e0_0;
    %store/vec4 v0x600003776490_0, 0, 1;
    %jmp T_12.2;
T_12.1 ;
    %load/vec4 v0x600003776370_0;
    %store/vec4 v0x600003776490_0, 0, 1;
    %jmp T_12.2;
T_12.2 ;
    %pop/vec4 1;
    %jmp T_12;
    .thread T_12, $push;
    .scope S_0x141605bc0;
T_13 ;
    %wait E_0x600001070600;
    %load/vec4 v0x600003776640_0;
    %dup/vec4;
    %pushi/vec4 0, 0, 1;
    %cmp/u;
    %jmp/1 T_13.0, 6;
    %dup/vec4;
    %pushi/vec4 1, 0, 1;
    %cmp/u;
    %jmp/1 T_13.1, 6;
    %jmp T_13.2;
T_13.0 ;
    %load/vec4 v0x600003776520_0;
    %store/vec4 v0x6000037766d0_0, 0, 1;
    %jmp T_13.2;
T_13.1 ;
    %load/vec4 v0x6000037765b0_0;
    %store/vec4 v0x6000037766d0_0, 0, 1;
    %jmp T_13.2;
T_13.2 ;
    %pop/vec4 1;
    %jmp T_13;
    .thread T_13, $push;
    .scope S_0x141605d30;
T_14 ;
    %wait E_0x600001070180;
    %load/vec4 v0x600003776880_0;
    %dup/vec4;
    %pushi/vec4 0, 0, 1;
    %cmp/u;
    %jmp/1 T_14.0, 6;
    %dup/vec4;
    %pushi/vec4 1, 0, 1;
    %cmp/u;
    %jmp/1 T_14.1, 6;
    %jmp T_14.2;
T_14.0 ;
    %load/vec4 v0x600003776760_0;
    %store/vec4 v0x600003776910_0, 0, 1;
    %jmp T_14.2;
T_14.1 ;
    %load/vec4 v0x6000037767f0_0;
    %store/vec4 v0x600003776910_0, 0, 1;
    %jmp T_14.2;
T_14.2 ;
    %pop/vec4 1;
    %jmp T_14;
    .thread T_14, $push;
    .scope S_0x141604080;
T_15 ;
    %vpi_call 2 12 "$dumpfile", "mux16_tb.vcd" {0 0 0};
    %vpi_call 2 13 "$dumpvars", 32'sb00000000000000000000000000000000, S_0x141604080 {0 0 0};
    %pushi/vec4 0, 0, 1;
    %store/vec4 v0x600003770360_0, 0, 1;
    %pushi/vec4 1, 0, 1;
    %store/vec4 v0x6000037703f0_0, 0, 1;
    %pushi/vec4 0, 0, 1;
    %store/vec4 v0x6000037707e0_0, 0, 1;
    %pushi/vec4 1, 0, 1;
    %store/vec4 v0x600003770870_0, 0, 1;
    %pushi/vec4 0, 0, 1;
    %store/vec4 v0x600003770900_0, 0, 1;
    %pushi/vec4 1, 0, 1;
    %store/vec4 v0x600003770990_0, 0, 1;
    %pushi/vec4 0, 0, 1;
    %store/vec4 v0x600003770a20_0, 0, 1;
    %pushi/vec4 1, 0, 1;
    %store/vec4 v0x600003770ab0_0, 0, 1;
    %pushi/vec4 0, 0, 1;
    %store/vec4 v0x600003770b40_0, 0, 1;
    %pushi/vec4 1, 0, 1;
    %store/vec4 v0x600003770bd0_0, 0, 1;
    %pushi/vec4 0, 0, 1;
    %store/vec4 v0x600003770480_0, 0, 1;
    %pushi/vec4 1, 0, 1;
    %store/vec4 v0x600003770510_0, 0, 1;
    %pushi/vec4 0, 0, 1;
    %store/vec4 v0x6000037705a0_0, 0, 1;
    %pushi/vec4 1, 0, 1;
    %store/vec4 v0x600003770630_0, 0, 1;
    %pushi/vec4 0, 0, 1;
    %store/vec4 v0x6000037706c0_0, 0, 1;
    %pushi/vec4 1, 0, 1;
    %store/vec4 v0x600003770750_0, 0, 1;
    %pushi/vec4 0, 0, 1;
    %store/vec4 v0x600003770e10_0, 0, 1;
    %pushi/vec4 0, 0, 1;
    %store/vec4 v0x600003770d80_0, 0, 1;
    %pushi/vec4 0, 0, 1;
    %store/vec4 v0x600003770cf0_0, 0, 1;
    %pushi/vec4 0, 0, 1;
    %store/vec4 v0x600003770c60_0, 0, 1;
    %delay 1000, 0;
    %pushi/vec4 0, 0, 1;
    %store/vec4 v0x600003770360_0, 0, 1;
    %pushi/vec4 1, 0, 1;
    %store/vec4 v0x6000037703f0_0, 0, 1;
    %pushi/vec4 0, 0, 1;
    %store/vec4 v0x6000037707e0_0, 0, 1;
    %pushi/vec4 1, 0, 1;
    %store/vec4 v0x600003770870_0, 0, 1;
    %pushi/vec4 0, 0, 1;
    %store/vec4 v0x600003770900_0, 0, 1;
    %pushi/vec4 1, 0, 1;
    %store/vec4 v0x600003770990_0, 0, 1;
    %pushi/vec4 0, 0, 1;
    %store/vec4 v0x600003770a20_0, 0, 1;
    %pushi/vec4 1, 0, 1;
    %store/vec4 v0x600003770ab0_0, 0, 1;
    %pushi/vec4 0, 0, 1;
    %store/vec4 v0x600003770b40_0, 0, 1;
    %pushi/vec4 1, 0, 1;
    %store/vec4 v0x600003770bd0_0, 0, 1;
    %pushi/vec4 0, 0, 1;
    %store/vec4 v0x600003770480_0, 0, 1;
    %pushi/vec4 1, 0, 1;
    %store/vec4 v0x600003770510_0, 0, 1;
    %pushi/vec4 0, 0, 1;
    %store/vec4 v0x6000037705a0_0, 0, 1;
    %pushi/vec4 1, 0, 1;
    %store/vec4 v0x600003770630_0, 0, 1;
    %pushi/vec4 0, 0, 1;
    %store/vec4 v0x6000037706c0_0, 0, 1;
    %pushi/vec4 1, 0, 1;
    %store/vec4 v0x600003770750_0, 0, 1;
    %pushi/vec4 0, 0, 1;
    %store/vec4 v0x600003770e10_0, 0, 1;
    %pushi/vec4 0, 0, 1;
    %store/vec4 v0x600003770d80_0, 0, 1;
    %pushi/vec4 0, 0, 1;
    %store/vec4 v0x600003770cf0_0, 0, 1;
    %pushi/vec4 1, 0, 1;
    %store/vec4 v0x600003770c60_0, 0, 1;
    %delay 1000, 0;
    %pushi/vec4 0, 0, 1;
    %store/vec4 v0x600003770360_0, 0, 1;
    %pushi/vec4 1, 0, 1;
    %store/vec4 v0x6000037703f0_0, 0, 1;
    %pushi/vec4 0, 0, 1;
    %store/vec4 v0x6000037707e0_0, 0, 1;
    %pushi/vec4 1, 0, 1;
    %store/vec4 v0x600003770870_0, 0, 1;
    %pushi/vec4 0, 0, 1;
    %store/vec4 v0x600003770900_0, 0, 1;
    %pushi/vec4 1, 0, 1;
    %store/vec4 v0x600003770990_0, 0, 1;
    %pushi/vec4 0, 0, 1;
    %store/vec4 v0x600003770a20_0, 0, 1;
    %pushi/vec4 1, 0, 1;
    %store/vec4 v0x600003770ab0_0, 0, 1;
    %pushi/vec4 0, 0, 1;
    %store/vec4 v0x600003770b40_0, 0, 1;
    %pushi/vec4 1, 0, 1;
    %store/vec4 v0x600003770bd0_0, 0, 1;
    %pushi/vec4 0, 0, 1;
    %store/vec4 v0x600003770480_0, 0, 1;
    %pushi/vec4 1, 0, 1;
    %store/vec4 v0x600003770510_0, 0, 1;
    %pushi/vec4 0, 0, 1;
    %store/vec4 v0x6000037705a0_0, 0, 1;
    %pushi/vec4 1, 0, 1;
    %store/vec4 v0x600003770630_0, 0, 1;
    %pushi/vec4 0, 0, 1;
    %store/vec4 v0x6000037706c0_0, 0, 1;
    %pushi/vec4 1, 0, 1;
    %store/vec4 v0x600003770750_0, 0, 1;
    %pushi/vec4 0, 0, 1;
    %store/vec4 v0x600003770e10_0, 0, 1;
    %pushi/vec4 0, 0, 1;
    %store/vec4 v0x600003770d80_0, 0, 1;
    %pushi/vec4 1, 0, 1;
    %store/vec4 v0x600003770cf0_0, 0, 1;
    %pushi/vec4 0, 0, 1;
    %store/vec4 v0x600003770c60_0, 0, 1;
    %delay 1000, 0;
    %pushi/vec4 0, 0, 1;
    %store/vec4 v0x600003770360_0, 0, 1;
    %pushi/vec4 1, 0, 1;
    %store/vec4 v0x6000037703f0_0, 0, 1;
    %pushi/vec4 0, 0, 1;
    %store/vec4 v0x6000037707e0_0, 0, 1;
    %pushi/vec4 1, 0, 1;
    %store/vec4 v0x600003770870_0, 0, 1;
    %pushi/vec4 0, 0, 1;
    %store/vec4 v0x600003770900_0, 0, 1;
    %pushi/vec4 1, 0, 1;
    %store/vec4 v0x600003770990_0, 0, 1;
    %pushi/vec4 0, 0, 1;
    %store/vec4 v0x600003770a20_0, 0, 1;
    %pushi/vec4 1, 0, 1;
    %store/vec4 v0x600003770ab0_0, 0, 1;
    %pushi/vec4 0, 0, 1;
    %store/vec4 v0x600003770b40_0, 0, 1;
    %pushi/vec4 1, 0, 1;
    %store/vec4 v0x600003770bd0_0, 0, 1;
    %pushi/vec4 0, 0, 1;
    %store/vec4 v0x600003770480_0, 0, 1;
    %pushi/vec4 1, 0, 1;
    %store/vec4 v0x600003770510_0, 0, 1;
    %pushi/vec4 0, 0, 1;
    %store/vec4 v0x6000037705a0_0, 0, 1;
    %pushi/vec4 1, 0, 1;
    %store/vec4 v0x600003770630_0, 0, 1;
    %pushi/vec4 0, 0, 1;
    %store/vec4 v0x6000037706c0_0, 0, 1;
    %pushi/vec4 1, 0, 1;
    %store/vec4 v0x600003770750_0, 0, 1;
    %pushi/vec4 0, 0, 1;
    %store/vec4 v0x600003770e10_0, 0, 1;
    %pushi/vec4 0, 0, 1;
    %store/vec4 v0x600003770d80_0, 0, 1;
    %pushi/vec4 1, 0, 1;
    %store/vec4 v0x600003770cf0_0, 0, 1;
    %pushi/vec4 1, 0, 1;
    %store/vec4 v0x600003770c60_0, 0, 1;
    %delay 1000, 0;
    %pushi/vec4 0, 0, 1;
    %store/vec4 v0x600003770360_0, 0, 1;
    %pushi/vec4 1, 0, 1;
    %store/vec4 v0x6000037703f0_0, 0, 1;
    %pushi/vec4 0, 0, 1;
    %store/vec4 v0x6000037707e0_0, 0, 1;
    %pushi/vec4 1, 0, 1;
    %store/vec4 v0x600003770870_0, 0, 1;
    %pushi/vec4 0, 0, 1;
    %store/vec4 v0x600003770900_0, 0, 1;
    %pushi/vec4 1, 0, 1;
    %store/vec4 v0x600003770990_0, 0, 1;
    %pushi/vec4 0, 0, 1;
    %store/vec4 v0x600003770a20_0, 0, 1;
    %pushi/vec4 1, 0, 1;
    %store/vec4 v0x600003770ab0_0, 0, 1;
    %pushi/vec4 0, 0, 1;
    %store/vec4 v0x600003770b40_0, 0, 1;
    %pushi/vec4 1, 0, 1;
    %store/vec4 v0x600003770bd0_0, 0, 1;
    %pushi/vec4 0, 0, 1;
    %store/vec4 v0x600003770480_0, 0, 1;
    %pushi/vec4 1, 0, 1;
    %store/vec4 v0x600003770510_0, 0, 1;
    %pushi/vec4 0, 0, 1;
    %store/vec4 v0x6000037705a0_0, 0, 1;
    %pushi/vec4 1, 0, 1;
    %store/vec4 v0x600003770630_0, 0, 1;
    %pushi/vec4 0, 0, 1;
    %store/vec4 v0x6000037706c0_0, 0, 1;
    %pushi/vec4 1, 0, 1;
    %store/vec4 v0x600003770750_0, 0, 1;
    %pushi/vec4 0, 0, 1;
    %store/vec4 v0x600003770e10_0, 0, 1;
    %pushi/vec4 1, 0, 1;
    %store/vec4 v0x600003770d80_0, 0, 1;
    %pushi/vec4 0, 0, 1;
    %store/vec4 v0x600003770cf0_0, 0, 1;
    %pushi/vec4 0, 0, 1;
    %store/vec4 v0x600003770c60_0, 0, 1;
    %delay 1000, 0;
    %pushi/vec4 0, 0, 1;
    %store/vec4 v0x600003770360_0, 0, 1;
    %pushi/vec4 1, 0, 1;
    %store/vec4 v0x6000037703f0_0, 0, 1;
    %pushi/vec4 0, 0, 1;
    %store/vec4 v0x6000037707e0_0, 0, 1;
    %pushi/vec4 1, 0, 1;
    %store/vec4 v0x600003770870_0, 0, 1;
    %pushi/vec4 0, 0, 1;
    %store/vec4 v0x600003770900_0, 0, 1;
    %pushi/vec4 1, 0, 1;
    %store/vec4 v0x600003770990_0, 0, 1;
    %pushi/vec4 0, 0, 1;
    %store/vec4 v0x600003770a20_0, 0, 1;
    %pushi/vec4 1, 0, 1;
    %store/vec4 v0x600003770ab0_0, 0, 1;
    %pushi/vec4 0, 0, 1;
    %store/vec4 v0x600003770b40_0, 0, 1;
    %pushi/vec4 1, 0, 1;
    %store/vec4 v0x600003770bd0_0, 0, 1;
    %pushi/vec4 0, 0, 1;
    %store/vec4 v0x600003770480_0, 0, 1;
    %pushi/vec4 1, 0, 1;
    %store/vec4 v0x600003770510_0, 0, 1;
    %pushi/vec4 0, 0, 1;
    %store/vec4 v0x6000037705a0_0, 0, 1;
    %pushi/vec4 1, 0, 1;
    %store/vec4 v0x600003770630_0, 0, 1;
    %pushi/vec4 0, 0, 1;
    %store/vec4 v0x6000037706c0_0, 0, 1;
    %pushi/vec4 1, 0, 1;
    %store/vec4 v0x600003770750_0, 0, 1;
    %pushi/vec4 0, 0, 1;
    %store/vec4 v0x600003770e10_0, 0, 1;
    %pushi/vec4 1, 0, 1;
    %store/vec4 v0x600003770d80_0, 0, 1;
    %pushi/vec4 0, 0, 1;
    %store/vec4 v0x600003770cf0_0, 0, 1;
    %pushi/vec4 1, 0, 1;
    %store/vec4 v0x600003770c60_0, 0, 1;
    %delay 1000, 0;
    %pushi/vec4 0, 0, 1;
    %store/vec4 v0x600003770360_0, 0, 1;
    %pushi/vec4 1, 0, 1;
    %store/vec4 v0x6000037703f0_0, 0, 1;
    %pushi/vec4 0, 0, 1;
    %store/vec4 v0x6000037707e0_0, 0, 1;
    %pushi/vec4 1, 0, 1;
    %store/vec4 v0x600003770870_0, 0, 1;
    %pushi/vec4 0, 0, 1;
    %store/vec4 v0x600003770900_0, 0, 1;
    %pushi/vec4 1, 0, 1;
    %store/vec4 v0x600003770990_0, 0, 1;
    %pushi/vec4 0, 0, 1;
    %store/vec4 v0x600003770a20_0, 0, 1;
    %pushi/vec4 1, 0, 1;
    %store/vec4 v0x600003770ab0_0, 0, 1;
    %pushi/vec4 0, 0, 1;
    %store/vec4 v0x600003770b40_0, 0, 1;
    %pushi/vec4 1, 0, 1;
    %store/vec4 v0x600003770bd0_0, 0, 1;
    %pushi/vec4 0, 0, 1;
    %store/vec4 v0x600003770480_0, 0, 1;
    %pushi/vec4 1, 0, 1;
    %store/vec4 v0x600003770510_0, 0, 1;
    %pushi/vec4 0, 0, 1;
    %store/vec4 v0x6000037705a0_0, 0, 1;
    %pushi/vec4 1, 0, 1;
    %store/vec4 v0x600003770630_0, 0, 1;
    %pushi/vec4 0, 0, 1;
    %store/vec4 v0x6000037706c0_0, 0, 1;
    %pushi/vec4 1, 0, 1;
    %store/vec4 v0x600003770750_0, 0, 1;
    %pushi/vec4 0, 0, 1;
    %store/vec4 v0x600003770e10_0, 0, 1;
    %pushi/vec4 1, 0, 1;
    %store/vec4 v0x600003770d80_0, 0, 1;
    %pushi/vec4 1, 0, 1;
    %store/vec4 v0x600003770cf0_0, 0, 1;
    %pushi/vec4 0, 0, 1;
    %store/vec4 v0x600003770c60_0, 0, 1;
    %delay 1000, 0;
    %pushi/vec4 0, 0, 1;
    %store/vec4 v0x600003770360_0, 0, 1;
    %pushi/vec4 1, 0, 1;
    %store/vec4 v0x6000037703f0_0, 0, 1;
    %pushi/vec4 0, 0, 1;
    %store/vec4 v0x6000037707e0_0, 0, 1;
    %pushi/vec4 1, 0, 1;
    %store/vec4 v0x600003770870_0, 0, 1;
    %pushi/vec4 0, 0, 1;
    %store/vec4 v0x600003770900_0, 0, 1;
    %pushi/vec4 1, 0, 1;
    %store/vec4 v0x600003770990_0, 0, 1;
    %pushi/vec4 0, 0, 1;
    %store/vec4 v0x600003770a20_0, 0, 1;
    %pushi/vec4 1, 0, 1;
    %store/vec4 v0x600003770ab0_0, 0, 1;
    %pushi/vec4 0, 0, 1;
    %store/vec4 v0x600003770b40_0, 0, 1;
    %pushi/vec4 1, 0, 1;
    %store/vec4 v0x600003770bd0_0, 0, 1;
    %pushi/vec4 0, 0, 1;
    %store/vec4 v0x600003770480_0, 0, 1;
    %pushi/vec4 1, 0, 1;
    %store/vec4 v0x600003770510_0, 0, 1;
    %pushi/vec4 0, 0, 1;
    %store/vec4 v0x6000037705a0_0, 0, 1;
    %pushi/vec4 1, 0, 1;
    %store/vec4 v0x600003770630_0, 0, 1;
    %pushi/vec4 0, 0, 1;
    %store/vec4 v0x6000037706c0_0, 0, 1;
    %pushi/vec4 1, 0, 1;
    %store/vec4 v0x600003770750_0, 0, 1;
    %pushi/vec4 0, 0, 1;
    %store/vec4 v0x600003770e10_0, 0, 1;
    %pushi/vec4 1, 0, 1;
    %store/vec4 v0x600003770d80_0, 0, 1;
    %pushi/vec4 1, 0, 1;
    %store/vec4 v0x600003770cf0_0, 0, 1;
    %pushi/vec4 1, 0, 1;
    %store/vec4 v0x600003770c60_0, 0, 1;
    %delay 1000, 0;
    %pushi/vec4 0, 0, 1;
    %store/vec4 v0x600003770360_0, 0, 1;
    %pushi/vec4 1, 0, 1;
    %store/vec4 v0x6000037703f0_0, 0, 1;
    %pushi/vec4 0, 0, 1;
    %store/vec4 v0x6000037707e0_0, 0, 1;
    %pushi/vec4 1, 0, 1;
    %store/vec4 v0x600003770870_0, 0, 1;
    %pushi/vec4 0, 0, 1;
    %store/vec4 v0x600003770900_0, 0, 1;
    %pushi/vec4 1, 0, 1;
    %store/vec4 v0x600003770990_0, 0, 1;
    %pushi/vec4 0, 0, 1;
    %store/vec4 v0x600003770a20_0, 0, 1;
    %pushi/vec4 1, 0, 1;
    %store/vec4 v0x600003770ab0_0, 0, 1;
    %pushi/vec4 0, 0, 1;
    %store/vec4 v0x600003770b40_0, 0, 1;
    %pushi/vec4 1, 0, 1;
    %store/vec4 v0x600003770bd0_0, 0, 1;
    %pushi/vec4 0, 0, 1;
    %store/vec4 v0x600003770480_0, 0, 1;
    %pushi/vec4 1, 0, 1;
    %store/vec4 v0x600003770510_0, 0, 1;
    %pushi/vec4 0, 0, 1;
    %store/vec4 v0x6000037705a0_0, 0, 1;
    %pushi/vec4 1, 0, 1;
    %store/vec4 v0x600003770630_0, 0, 1;
    %pushi/vec4 0, 0, 1;
    %store/vec4 v0x6000037706c0_0, 0, 1;
    %pushi/vec4 1, 0, 1;
    %store/vec4 v0x600003770750_0, 0, 1;
    %pushi/vec4 1, 0, 1;
    %store/vec4 v0x600003770e10_0, 0, 1;
    %pushi/vec4 0, 0, 1;
    %store/vec4 v0x600003770d80_0, 0, 1;
    %pushi/vec4 0, 0, 1;
    %store/vec4 v0x600003770cf0_0, 0, 1;
    %pushi/vec4 0, 0, 1;
    %store/vec4 v0x600003770c60_0, 0, 1;
    %delay 1000, 0;
    %pushi/vec4 0, 0, 1;
    %store/vec4 v0x600003770360_0, 0, 1;
    %pushi/vec4 1, 0, 1;
    %store/vec4 v0x6000037703f0_0, 0, 1;
    %pushi/vec4 0, 0, 1;
    %store/vec4 v0x6000037707e0_0, 0, 1;
    %pushi/vec4 1, 0, 1;
    %store/vec4 v0x600003770870_0, 0, 1;
    %pushi/vec4 0, 0, 1;
    %store/vec4 v0x600003770900_0, 0, 1;
    %pushi/vec4 1, 0, 1;
    %store/vec4 v0x600003770990_0, 0, 1;
    %pushi/vec4 0, 0, 1;
    %store/vec4 v0x600003770a20_0, 0, 1;
    %pushi/vec4 1, 0, 1;
    %store/vec4 v0x600003770ab0_0, 0, 1;
    %pushi/vec4 0, 0, 1;
    %store/vec4 v0x600003770b40_0, 0, 1;
    %pushi/vec4 1, 0, 1;
    %store/vec4 v0x600003770bd0_0, 0, 1;
    %pushi/vec4 0, 0, 1;
    %store/vec4 v0x600003770480_0, 0, 1;
    %pushi/vec4 1, 0, 1;
    %store/vec4 v0x600003770510_0, 0, 1;
    %pushi/vec4 0, 0, 1;
    %store/vec4 v0x6000037705a0_0, 0, 1;
    %pushi/vec4 1, 0, 1;
    %store/vec4 v0x600003770630_0, 0, 1;
    %pushi/vec4 0, 0, 1;
    %store/vec4 v0x6000037706c0_0, 0, 1;
    %pushi/vec4 1, 0, 1;
    %store/vec4 v0x600003770750_0, 0, 1;
    %pushi/vec4 1, 0, 1;
    %store/vec4 v0x600003770e10_0, 0, 1;
    %pushi/vec4 0, 0, 1;
    %store/vec4 v0x600003770d80_0, 0, 1;
    %pushi/vec4 0, 0, 1;
    %store/vec4 v0x600003770cf0_0, 0, 1;
    %pushi/vec4 1, 0, 1;
    %store/vec4 v0x600003770c60_0, 0, 1;
    %delay 1000, 0;
    %pushi/vec4 0, 0, 1;
    %store/vec4 v0x600003770360_0, 0, 1;
    %pushi/vec4 1, 0, 1;
    %store/vec4 v0x6000037703f0_0, 0, 1;
    %pushi/vec4 0, 0, 1;
    %store/vec4 v0x6000037707e0_0, 0, 1;
    %pushi/vec4 1, 0, 1;
    %store/vec4 v0x600003770870_0, 0, 1;
    %pushi/vec4 0, 0, 1;
    %store/vec4 v0x600003770900_0, 0, 1;
    %pushi/vec4 1, 0, 1;
    %store/vec4 v0x600003770990_0, 0, 1;
    %pushi/vec4 0, 0, 1;
    %store/vec4 v0x600003770a20_0, 0, 1;
    %pushi/vec4 1, 0, 1;
    %store/vec4 v0x600003770ab0_0, 0, 1;
    %pushi/vec4 0, 0, 1;
    %store/vec4 v0x600003770b40_0, 0, 1;
    %pushi/vec4 1, 0, 1;
    %store/vec4 v0x600003770bd0_0, 0, 1;
    %pushi/vec4 0, 0, 1;
    %store/vec4 v0x600003770480_0, 0, 1;
    %pushi/vec4 1, 0, 1;
    %store/vec4 v0x600003770510_0, 0, 1;
    %pushi/vec4 0, 0, 1;
    %store/vec4 v0x6000037705a0_0, 0, 1;
    %pushi/vec4 1, 0, 1;
    %store/vec4 v0x600003770630_0, 0, 1;
    %pushi/vec4 0, 0, 1;
    %store/vec4 v0x6000037706c0_0, 0, 1;
    %pushi/vec4 1, 0, 1;
    %store/vec4 v0x600003770750_0, 0, 1;
    %pushi/vec4 1, 0, 1;
    %store/vec4 v0x600003770e10_0, 0, 1;
    %pushi/vec4 0, 0, 1;
    %store/vec4 v0x600003770d80_0, 0, 1;
    %pushi/vec4 1, 0, 1;
    %store/vec4 v0x600003770cf0_0, 0, 1;
    %pushi/vec4 0, 0, 1;
    %store/vec4 v0x600003770c60_0, 0, 1;
    %delay 1000, 0;
    %pushi/vec4 0, 0, 1;
    %store/vec4 v0x600003770360_0, 0, 1;
    %pushi/vec4 1, 0, 1;
    %store/vec4 v0x6000037703f0_0, 0, 1;
    %pushi/vec4 0, 0, 1;
    %store/vec4 v0x6000037707e0_0, 0, 1;
    %pushi/vec4 1, 0, 1;
    %store/vec4 v0x600003770870_0, 0, 1;
    %pushi/vec4 0, 0, 1;
    %store/vec4 v0x600003770900_0, 0, 1;
    %pushi/vec4 1, 0, 1;
    %store/vec4 v0x600003770990_0, 0, 1;
    %pushi/vec4 0, 0, 1;
    %store/vec4 v0x600003770a20_0, 0, 1;
    %pushi/vec4 1, 0, 1;
    %store/vec4 v0x600003770ab0_0, 0, 1;
    %pushi/vec4 0, 0, 1;
    %store/vec4 v0x600003770b40_0, 0, 1;
    %pushi/vec4 1, 0, 1;
    %store/vec4 v0x600003770bd0_0, 0, 1;
    %pushi/vec4 0, 0, 1;
    %store/vec4 v0x600003770480_0, 0, 1;
    %pushi/vec4 1, 0, 1;
    %store/vec4 v0x600003770510_0, 0, 1;
    %pushi/vec4 0, 0, 1;
    %store/vec4 v0x6000037705a0_0, 0, 1;
    %pushi/vec4 1, 0, 1;
    %store/vec4 v0x600003770630_0, 0, 1;
    %pushi/vec4 0, 0, 1;
    %store/vec4 v0x6000037706c0_0, 0, 1;
    %pushi/vec4 1, 0, 1;
    %store/vec4 v0x600003770750_0, 0, 1;
    %pushi/vec4 1, 0, 1;
    %store/vec4 v0x600003770e10_0, 0, 1;
    %pushi/vec4 0, 0, 1;
    %store/vec4 v0x600003770d80_0, 0, 1;
    %pushi/vec4 1, 0, 1;
    %store/vec4 v0x600003770cf0_0, 0, 1;
    %pushi/vec4 1, 0, 1;
    %store/vec4 v0x600003770c60_0, 0, 1;
    %delay 1000, 0;
    %pushi/vec4 0, 0, 1;
    %store/vec4 v0x600003770360_0, 0, 1;
    %pushi/vec4 1, 0, 1;
    %store/vec4 v0x6000037703f0_0, 0, 1;
    %pushi/vec4 0, 0, 1;
    %store/vec4 v0x6000037707e0_0, 0, 1;
    %pushi/vec4 1, 0, 1;
    %store/vec4 v0x600003770870_0, 0, 1;
    %pushi/vec4 0, 0, 1;
    %store/vec4 v0x600003770900_0, 0, 1;
    %pushi/vec4 1, 0, 1;
    %store/vec4 v0x600003770990_0, 0, 1;
    %pushi/vec4 0, 0, 1;
    %store/vec4 v0x600003770a20_0, 0, 1;
    %pushi/vec4 1, 0, 1;
    %store/vec4 v0x600003770ab0_0, 0, 1;
    %pushi/vec4 0, 0, 1;
    %store/vec4 v0x600003770b40_0, 0, 1;
    %pushi/vec4 1, 0, 1;
    %store/vec4 v0x600003770bd0_0, 0, 1;
    %pushi/vec4 0, 0, 1;
    %store/vec4 v0x600003770480_0, 0, 1;
    %pushi/vec4 1, 0, 1;
    %store/vec4 v0x600003770510_0, 0, 1;
    %pushi/vec4 0, 0, 1;
    %store/vec4 v0x6000037705a0_0, 0, 1;
    %pushi/vec4 1, 0, 1;
    %store/vec4 v0x600003770630_0, 0, 1;
    %pushi/vec4 0, 0, 1;
    %store/vec4 v0x6000037706c0_0, 0, 1;
    %pushi/vec4 1, 0, 1;
    %store/vec4 v0x600003770750_0, 0, 1;
    %pushi/vec4 1, 0, 1;
    %store/vec4 v0x600003770e10_0, 0, 1;
    %pushi/vec4 1, 0, 1;
    %store/vec4 v0x600003770d80_0, 0, 1;
    %pushi/vec4 0, 0, 1;
    %store/vec4 v0x600003770cf0_0, 0, 1;
    %pushi/vec4 0, 0, 1;
    %store/vec4 v0x600003770c60_0, 0, 1;
    %delay 1000, 0;
    %pushi/vec4 0, 0, 1;
    %store/vec4 v0x600003770360_0, 0, 1;
    %pushi/vec4 1, 0, 1;
    %store/vec4 v0x6000037703f0_0, 0, 1;
    %pushi/vec4 0, 0, 1;
    %store/vec4 v0x6000037707e0_0, 0, 1;
    %pushi/vec4 1, 0, 1;
    %store/vec4 v0x600003770870_0, 0, 1;
    %pushi/vec4 0, 0, 1;
    %store/vec4 v0x600003770900_0, 0, 1;
    %pushi/vec4 1, 0, 1;
    %store/vec4 v0x600003770990_0, 0, 1;
    %pushi/vec4 0, 0, 1;
    %store/vec4 v0x600003770a20_0, 0, 1;
    %pushi/vec4 1, 0, 1;
    %store/vec4 v0x600003770ab0_0, 0, 1;
    %pushi/vec4 0, 0, 1;
    %store/vec4 v0x600003770b40_0, 0, 1;
    %pushi/vec4 1, 0, 1;
    %store/vec4 v0x600003770bd0_0, 0, 1;
    %pushi/vec4 0, 0, 1;
    %store/vec4 v0x600003770480_0, 0, 1;
    %pushi/vec4 1, 0, 1;
    %store/vec4 v0x600003770510_0, 0, 1;
    %pushi/vec4 0, 0, 1;
    %store/vec4 v0x6000037705a0_0, 0, 1;
    %pushi/vec4 1, 0, 1;
    %store/vec4 v0x600003770630_0, 0, 1;
    %pushi/vec4 0, 0, 1;
    %store/vec4 v0x6000037706c0_0, 0, 1;
    %pushi/vec4 1, 0, 1;
    %store/vec4 v0x600003770750_0, 0, 1;
    %pushi/vec4 1, 0, 1;
    %store/vec4 v0x600003770e10_0, 0, 1;
    %pushi/vec4 1, 0, 1;
    %store/vec4 v0x600003770d80_0, 0, 1;
    %pushi/vec4 0, 0, 1;
    %store/vec4 v0x600003770cf0_0, 0, 1;
    %pushi/vec4 1, 0, 1;
    %store/vec4 v0x600003770c60_0, 0, 1;
    %delay 1000, 0;
    %pushi/vec4 0, 0, 1;
    %store/vec4 v0x600003770360_0, 0, 1;
    %pushi/vec4 1, 0, 1;
    %store/vec4 v0x6000037703f0_0, 0, 1;
    %pushi/vec4 0, 0, 1;
    %store/vec4 v0x6000037707e0_0, 0, 1;
    %pushi/vec4 1, 0, 1;
    %store/vec4 v0x600003770870_0, 0, 1;
    %pushi/vec4 0, 0, 1;
    %store/vec4 v0x600003770900_0, 0, 1;
    %pushi/vec4 1, 0, 1;
    %store/vec4 v0x600003770990_0, 0, 1;
    %pushi/vec4 0, 0, 1;
    %store/vec4 v0x600003770a20_0, 0, 1;
    %pushi/vec4 1, 0, 1;
    %store/vec4 v0x600003770ab0_0, 0, 1;
    %pushi/vec4 0, 0, 1;
    %store/vec4 v0x600003770b40_0, 0, 1;
    %pushi/vec4 1, 0, 1;
    %store/vec4 v0x600003770bd0_0, 0, 1;
    %pushi/vec4 0, 0, 1;
    %store/vec4 v0x600003770480_0, 0, 1;
    %pushi/vec4 1, 0, 1;
    %store/vec4 v0x600003770510_0, 0, 1;
    %pushi/vec4 0, 0, 1;
    %store/vec4 v0x6000037705a0_0, 0, 1;
    %pushi/vec4 1, 0, 1;
    %store/vec4 v0x600003770630_0, 0, 1;
    %pushi/vec4 0, 0, 1;
    %store/vec4 v0x6000037706c0_0, 0, 1;
    %pushi/vec4 1, 0, 1;
    %store/vec4 v0x600003770750_0, 0, 1;
    %pushi/vec4 1, 0, 1;
    %store/vec4 v0x600003770e10_0, 0, 1;
    %pushi/vec4 1, 0, 1;
    %store/vec4 v0x600003770d80_0, 0, 1;
    %pushi/vec4 1, 0, 1;
    %store/vec4 v0x600003770cf0_0, 0, 1;
    %pushi/vec4 0, 0, 1;
    %store/vec4 v0x600003770c60_0, 0, 1;
    %delay 1000, 0;
    %pushi/vec4 0, 0, 1;
    %store/vec4 v0x600003770360_0, 0, 1;
    %pushi/vec4 1, 0, 1;
    %store/vec4 v0x6000037703f0_0, 0, 1;
    %pushi/vec4 0, 0, 1;
    %store/vec4 v0x6000037707e0_0, 0, 1;
    %pushi/vec4 1, 0, 1;
    %store/vec4 v0x600003770870_0, 0, 1;
    %pushi/vec4 0, 0, 1;
    %store/vec4 v0x600003770900_0, 0, 1;
    %pushi/vec4 1, 0, 1;
    %store/vec4 v0x600003770990_0, 0, 1;
    %pushi/vec4 0, 0, 1;
    %store/vec4 v0x600003770a20_0, 0, 1;
    %pushi/vec4 1, 0, 1;
    %store/vec4 v0x600003770ab0_0, 0, 1;
    %pushi/vec4 0, 0, 1;
    %store/vec4 v0x600003770b40_0, 0, 1;
    %pushi/vec4 1, 0, 1;
    %store/vec4 v0x600003770bd0_0, 0, 1;
    %pushi/vec4 0, 0, 1;
    %store/vec4 v0x600003770480_0, 0, 1;
    %pushi/vec4 1, 0, 1;
    %store/vec4 v0x600003770510_0, 0, 1;
    %pushi/vec4 0, 0, 1;
    %store/vec4 v0x6000037705a0_0, 0, 1;
    %pushi/vec4 1, 0, 1;
    %store/vec4 v0x600003770630_0, 0, 1;
    %pushi/vec4 0, 0, 1;
    %store/vec4 v0x6000037706c0_0, 0, 1;
    %pushi/vec4 1, 0, 1;
    %store/vec4 v0x600003770750_0, 0, 1;
    %pushi/vec4 1, 0, 1;
    %store/vec4 v0x600003770e10_0, 0, 1;
    %pushi/vec4 1, 0, 1;
    %store/vec4 v0x600003770d80_0, 0, 1;
    %pushi/vec4 1, 0, 1;
    %store/vec4 v0x600003770cf0_0, 0, 1;
    %pushi/vec4 1, 0, 1;
    %store/vec4 v0x600003770c60_0, 0, 1;
    %delay 1000, 0;
    %vpi_call 2 31 "$finish" {0 0 0};
    %end;
    .thread T_15;
    .scope S_0x141604080;
T_16 ;
    %vpi_call 2 36 "$monitor", "%b%b%b%b = %b", v0x600003770e10_0, v0x600003770d80_0, v0x600003770cf0_0, v0x600003770c60_0, v0x600003770ea0_0 {0 0 0};
    %end;
    .thread T_16;
# The file index is used to find the file name in the following table.
:file_names 6;
    "N/A";
    "<interactive>";
    "mux16_tb.v";
    "mux16.v";
    "./../mux8/mux8.v";
    "./../mux2/mux2.v";
