#! /opt/homebrew/Cellar/icarus-verilog/12.0/bin/vvp
:ivl_version "12.0 (stable)";
:ivl_delay_selection "TYPICAL";
:vpi_time_precision - 12;
:vpi_module "/opt/homebrew/Cellar/icarus-verilog/12.0/lib/ivl/system.vpi";
:vpi_module "/opt/homebrew/Cellar/icarus-verilog/12.0/lib/ivl/vhdl_sys.vpi";
:vpi_module "/opt/homebrew/Cellar/icarus-verilog/12.0/lib/ivl/vhdl_textio.vpi";
:vpi_module "/opt/homebrew/Cellar/icarus-verilog/12.0/lib/ivl/v2005_math.vpi";
:vpi_module "/opt/homebrew/Cellar/icarus-verilog/12.0/lib/ivl/va_math.vpi";
S_0x14a804080 .scope module, "cmosnor_tb" "cmosnor_tb" 2 3;
 .timescale -9 -12;
v0x600000338360_0 .var "A", 0 0;
v0x6000003383f0_0 .var "B", 0 0;
RS_0x1400080d0 .resolv tri, L_0x600001a341c0, L_0x600001a34230, L_0x600001a342a0;
v0x600000338480_0 .net8 "Y", 0 0, RS_0x1400080d0;  3 drivers, strength-aware
S_0x14a8041f0 .scope module, "cmosnor_tb" "cmosnor" 2 7, 3 2 0, S_0x14a804080;
 .timescale -9 -12;
    .port_info 0 /OUTPUT 1 "Y";
    .port_info 1 /INPUT 1 "A";
    .port_info 2 /INPUT 1 "B";
L_0x600001a340e0 .functor BUFT 1, C8<771>, C4<0>, C4<0>, C4<0>;
L_0x600001a34150 .functor PMOS 1, L_0x600001a340e0, v0x600000338360_0, C4<0>, C4<0>;
L_0x600001a341c0 .functor PMOS 1, L_0x600001a34150, v0x6000003383f0_0, C4<0>, C4<0>;
L_0x600001a34070 .functor BUFT 1, C8<770>, C4<0>, C4<0>, C4<0>;
L_0x600001a34230 .functor NMOS 1, L_0x600001a34070, v0x600000338360_0, C4<0>, C4<0>;
L_0x600001a342a0 .functor NMOS 1, L_0x600001a34070, v0x6000003383f0_0, C4<0>, C4<0>;
v0x600000338000_0 .net "A", 0 0, v0x600000338360_0;  1 drivers
v0x600000338090_0 .net "B", 0 0, v0x6000003383f0_0;  1 drivers
v0x600000338120_0 .net8 "GND", 0 0, L_0x600001a34070;  1 drivers, strength-aware
v0x6000003381b0_0 .net8 "VDD", 0 0, L_0x600001a340e0;  1 drivers, strength-aware
v0x600000338240_0 .net8 "Y", 0 0, RS_0x1400080d0;  alias, 3 drivers, strength-aware
v0x6000003382d0_0 .net8 "w", 0 0, L_0x600001a34150;  1 drivers, strength-aware
    .scope S_0x14a804080;
T_0 ;
    %pushi/vec4 0, 0, 1;
    %store/vec4 v0x600000338360_0, 0, 1;
    %pushi/vec4 0, 0, 1;
    %store/vec4 v0x6000003383f0_0, 0, 1;
    %delay 10000, 0;
    %pushi/vec4 0, 0, 1;
    %store/vec4 v0x600000338360_0, 0, 1;
    %pushi/vec4 1, 0, 1;
    %store/vec4 v0x6000003383f0_0, 0, 1;
    %delay 10000, 0;
    %pushi/vec4 1, 0, 1;
    %store/vec4 v0x600000338360_0, 0, 1;
    %pushi/vec4 0, 0, 1;
    %store/vec4 v0x6000003383f0_0, 0, 1;
    %delay 10000, 0;
    %pushi/vec4 1, 0, 1;
    %store/vec4 v0x600000338360_0, 0, 1;
    %pushi/vec4 1, 0, 1;
    %store/vec4 v0x6000003383f0_0, 0, 1;
    %delay 10000, 0;
    %vpi_call 2 15 "$finish" {0 0 0};
    %end;
    .thread T_0;
    .scope S_0x14a804080;
T_1 ;
    %vpi_call 2 19 "$monitor", "A=%b, B=%b, Y=%b", v0x600000338360_0, v0x6000003383f0_0, v0x600000338480_0 {0 0 0};
    %end;
    .thread T_1;
# The file index is used to find the file name in the following table.
:file_names 4;
    "N/A";
    "<interactive>";
    "cmosnor_tb.v";
    "cmosnor.v";
